{"error":{},"level":"error","message":"uncaughtException: First param to `schema.plugin()` must be a function, got \"object\"\nError: First param to `schema.plugin()` must be a function, got \"object\"\n    at Schema.plugin (F:\\Projects\\Nodejs\\Travel Budy\\node_modules\\mongoose\\lib\\schema.js:1503:11)\n    at Object.<anonymous> (F:\\Projects\\Nodejs\\Travel Budy\\src\\database\\model\\Permission.ts:21:18)\n    at Module._compile (internal/modules/cjs/loader.js:1200:30)\n    at Module.m._compile (C:\\Users\\programmer\\AppData\\Roaming\\npm\\node_modules\\ts-node\\src\\index.ts:1043:23)\n    at Module._extensions..js (internal/modules/cjs/loader.js:1220:10)\n    at Object.require.extensions.<computed> [as .ts] (C:\\Users\\programmer\\AppData\\Roaming\\npm\\node_modules\\ts-node\\src\\index.ts:1046:12)\n    at Module.load (internal/modules/cjs/loader.js:1049:32)\n    at Function.Module._load (internal/modules/cjs/loader.js:937:14)\n    at Module.require (internal/modules/cjs/loader.js:1089:19)\n    at require (internal/modules/cjs/helpers.js:73:18)\n    at Object.<anonymous> (F:\\Projects\\Nodejs\\Travel Budy\\src\\database\\respository\\Permission\\PermissionRrepository.ts:1:1)\n    at Module._compile (internal/modules/cjs/loader.js:1200:30)\n    at Module.m._compile (C:\\Users\\programmer\\AppData\\Roaming\\npm\\node_modules\\ts-node\\src\\index.ts:1043:23)\n    at Module._extensions..js (internal/modules/cjs/loader.js:1220:10)\n    at Object.require.extensions.<computed> [as .ts] (C:\\Users\\programmer\\AppData\\Roaming\\npm\\node_modules\\ts-node\\src\\index.ts:1046:12)\n    at Module.load (internal/modules/cjs/loader.js:1049:32)","stack":"Error: First param to `schema.plugin()` must be a function, got \"object\"\n    at Schema.plugin (F:\\Projects\\Nodejs\\Travel Budy\\node_modules\\mongoose\\lib\\schema.js:1503:11)\n    at Object.<anonymous> (F:\\Projects\\Nodejs\\Travel Budy\\src\\database\\model\\Permission.ts:21:18)\n    at Module._compile (internal/modules/cjs/loader.js:1200:30)\n    at Module.m._compile (C:\\Users\\programmer\\AppData\\Roaming\\npm\\node_modules\\ts-node\\src\\index.ts:1043:23)\n    at Module._extensions..js (internal/modules/cjs/loader.js:1220:10)\n    at Object.require.extensions.<computed> [as .ts] (C:\\Users\\programmer\\AppData\\Roaming\\npm\\node_modules\\ts-node\\src\\index.ts:1046:12)\n    at Module.load (internal/modules/cjs/loader.js:1049:32)\n    at Function.Module._load (internal/modules/cjs/loader.js:937:14)\n    at Module.require (internal/modules/cjs/loader.js:1089:19)\n    at require (internal/modules/cjs/helpers.js:73:18)\n    at Object.<anonymous> (F:\\Projects\\Nodejs\\Travel Budy\\src\\database\\respository\\Permission\\PermissionRrepository.ts:1:1)\n    at Module._compile (internal/modules/cjs/loader.js:1200:30)\n    at Module.m._compile (C:\\Users\\programmer\\AppData\\Roaming\\npm\\node_modules\\ts-node\\src\\index.ts:1043:23)\n    at Module._extensions..js (internal/modules/cjs/loader.js:1220:10)\n    at Object.require.extensions.<computed> [as .ts] (C:\\Users\\programmer\\AppData\\Roaming\\npm\\node_modules\\ts-node\\src\\index.ts:1046:12)\n    at Module.load (internal/modules/cjs/loader.js:1049:32)","exception":true,"date":"Fri Oct 02 2020 14:19:27 GMT+0330 (Iran Standard Time)","process":{"pid":484,"uid":null,"gid":null,"cwd":"F:\\Projects\\Nodejs\\Travel Budy","execPath":"F:\\Program Files\\nodejs\\node.exe","version":"v14.4.0","argv":["C:\\Users\\programmer\\AppData\\Roaming\\npm\\node_modules\\ts-node\\dist\\bin.js","F:\\Projects\\Nodejs\\Travel Budy\\src\\app.ts"],"memoryUsage":{"rss":187736064,"heapTotal":153591808,"heapUsed":129769144,"external":20692628,"arrayBuffers":18595438}},"os":{"loadavg":[0,0,0],"uptime":244989},"trace":[{"column":11,"file":"F:\\Projects\\Nodejs\\Travel Budy\\node_modules\\mongoose\\lib\\schema.js","function":"Schema.plugin","line":1503,"method":"plugin","native":false},{"column":18,"file":"F:\\Projects\\Nodejs\\Travel Budy\\src\\database\\model\\Permission.ts","function":null,"line":21,"method":null,"native":false},{"column":30,"file":"internal/modules/cjs/loader.js","function":"Module._compile","line":1200,"method":"_compile","native":false},{"column":23,"file":"C:\\Users\\programmer\\AppData\\Roaming\\npm\\node_modules\\ts-node\\src\\index.ts","function":"Module.m._compile","line":1043,"method":"_compile","native":false},{"column":10,"file":"internal/modules/cjs/loader.js","function":"Module._extensions..js","line":1220,"method":".js","native":false},{"column":12,"file":"C:\\Users\\programmer\\AppData\\Roaming\\npm\\node_modules\\ts-node\\src\\index.ts","function":"Object.require.extensions.<computed> [as .ts]","line":1046,"method":"ts]","native":false},{"column":32,"file":"internal/modules/cjs/loader.js","function":"Module.load","line":1049,"method":"load","native":false},{"column":14,"file":"internal/modules/cjs/loader.js","function":"Module._load","line":937,"method":"_load","native":false},{"column":19,"file":"internal/modules/cjs/loader.js","function":"Module.require","line":1089,"method":"require","native":false},{"column":18,"file":"internal/modules/cjs/helpers.js","function":"require","line":73,"method":null,"native":false},{"column":1,"file":"F:\\Projects\\Nodejs\\Travel Budy\\src\\database\\respository\\Permission\\PermissionRrepository.ts","function":null,"line":1,"method":null,"native":false},{"column":30,"file":"internal/modules/cjs/loader.js","function":"Module._compile","line":1200,"method":"_compile","native":false},{"column":23,"file":"C:\\Users\\programmer\\AppData\\Roaming\\npm\\node_modules\\ts-node\\src\\index.ts","function":"Module.m._compile","line":1043,"method":"_compile","native":false},{"column":10,"file":"internal/modules/cjs/loader.js","function":"Module._extensions..js","line":1220,"method":".js","native":false},{"column":12,"file":"C:\\Users\\programmer\\AppData\\Roaming\\npm\\node_modules\\ts-node\\src\\index.ts","function":"Object.require.extensions.<computed> [as .ts]","line":1046,"method":"ts]","native":false},{"column":32,"file":"internal/modules/cjs/loader.js","function":"Module.load","line":1049,"method":"load","native":false}]}
{"error":{},"level":"error","message":"uncaughtException: app.use() requires a middleware function\nTypeError: app.use() requires a middleware function\n    at Function.use (F:\\Projects\\Nodejs\\Travel Budy\\node_modules\\express\\lib\\application.js:210:11)\n    at App.ConfigRouter (F:\\Projects\\Nodejs\\Travel Budy\\src\\app.ts:72:14)\n    at new App (F:\\Projects\\Nodejs\\Travel Budy\\src\\app.ts:26:10)\n    at Object.<anonymous> (F:\\Projects\\Nodejs\\Travel Budy\\src\\app.ts:85:16)\n    at Module._compile (internal/modules/cjs/loader.js:1200:30)\n    at Module.m._compile (C:\\Users\\programmer\\AppData\\Roaming\\npm\\node_modules\\ts-node\\src\\index.ts:1043:23)\n    at Module._extensions..js (internal/modules/cjs/loader.js:1220:10)\n    at Object.require.extensions.<computed> [as .ts] (C:\\Users\\programmer\\AppData\\Roaming\\npm\\node_modules\\ts-node\\src\\index.ts:1046:12)\n    at Module.load (internal/modules/cjs/loader.js:1049:32)\n    at Function.Module._load (internal/modules/cjs/loader.js:937:14)\n    at Function.executeUserEntryPoint [as runMain] (internal/modules/run_main.js:71:12)\n    at main (C:\\Users\\programmer\\AppData\\Roaming\\npm\\node_modules\\ts-node\\src\\bin.ts:225:14)\n    at Object.<anonymous> (C:\\Users\\programmer\\AppData\\Roaming\\npm\\node_modules\\ts-node\\src\\bin.ts:512:3)\n    at Module._compile (internal/modules/cjs/loader.js:1200:30)\n    at Object.Module._extensions..js (internal/modules/cjs/loader.js:1220:10)\n    at Module.load (internal/modules/cjs/loader.js:1049:32)","stack":"TypeError: app.use() requires a middleware function\n    at Function.use (F:\\Projects\\Nodejs\\Travel Budy\\node_modules\\express\\lib\\application.js:210:11)\n    at App.ConfigRouter (F:\\Projects\\Nodejs\\Travel Budy\\src\\app.ts:72:14)\n    at new App (F:\\Projects\\Nodejs\\Travel Budy\\src\\app.ts:26:10)\n    at Object.<anonymous> (F:\\Projects\\Nodejs\\Travel Budy\\src\\app.ts:85:16)\n    at Module._compile (internal/modules/cjs/loader.js:1200:30)\n    at Module.m._compile (C:\\Users\\programmer\\AppData\\Roaming\\npm\\node_modules\\ts-node\\src\\index.ts:1043:23)\n    at Module._extensions..js (internal/modules/cjs/loader.js:1220:10)\n    at Object.require.extensions.<computed> [as .ts] (C:\\Users\\programmer\\AppData\\Roaming\\npm\\node_modules\\ts-node\\src\\index.ts:1046:12)\n    at Module.load (internal/modules/cjs/loader.js:1049:32)\n    at Function.Module._load (internal/modules/cjs/loader.js:937:14)\n    at Function.executeUserEntryPoint [as runMain] (internal/modules/run_main.js:71:12)\n    at main (C:\\Users\\programmer\\AppData\\Roaming\\npm\\node_modules\\ts-node\\src\\bin.ts:225:14)\n    at Object.<anonymous> (C:\\Users\\programmer\\AppData\\Roaming\\npm\\node_modules\\ts-node\\src\\bin.ts:512:3)\n    at Module._compile (internal/modules/cjs/loader.js:1200:30)\n    at Object.Module._extensions..js (internal/modules/cjs/loader.js:1220:10)\n    at Module.load (internal/modules/cjs/loader.js:1049:32)","exception":true,"date":"Fri Oct 02 2020 14:19:48 GMT+0330 (Iran Standard Time)","process":{"pid":10196,"uid":null,"gid":null,"cwd":"F:\\Projects\\Nodejs\\Travel Budy","execPath":"F:\\Program Files\\nodejs\\node.exe","version":"v14.4.0","argv":["C:\\Users\\programmer\\AppData\\Roaming\\npm\\node_modules\\ts-node\\dist\\bin.js","F:\\Projects\\Nodejs\\Travel Budy\\src\\app.ts"],"memoryUsage":{"rss":187215872,"heapTotal":153329664,"heapUsed":129883464,"external":20688385,"arrayBuffers":18591195}},"os":{"loadavg":[0,0,0],"uptime":245010},"trace":[{"column":11,"file":"F:\\Projects\\Nodejs\\Travel Budy\\node_modules\\express\\lib\\application.js","function":"Function.use","line":210,"method":"use","native":false},{"column":14,"file":"F:\\Projects\\Nodejs\\Travel Budy\\src\\app.ts","function":"App.ConfigRouter","line":72,"method":"ConfigRouter","native":false},{"column":10,"file":"F:\\Projects\\Nodejs\\Travel Budy\\src\\app.ts","function":"new App","line":26,"method":null,"native":false},{"column":16,"file":"F:\\Projects\\Nodejs\\Travel Budy\\src\\app.ts","function":null,"line":85,"method":null,"native":false},{"column":30,"file":"internal/modules/cjs/loader.js","function":"Module._compile","line":1200,"method":"_compile","native":false},{"column":23,"file":"C:\\Users\\programmer\\AppData\\Roaming\\npm\\node_modules\\ts-node\\src\\index.ts","function":"Module.m._compile","line":1043,"method":"_compile","native":false},{"column":10,"file":"internal/modules/cjs/loader.js","function":"Module._extensions..js","line":1220,"method":".js","native":false},{"column":12,"file":"C:\\Users\\programmer\\AppData\\Roaming\\npm\\node_modules\\ts-node\\src\\index.ts","function":"Object.require.extensions.<computed> [as .ts]","line":1046,"method":"ts]","native":false},{"column":32,"file":"internal/modules/cjs/loader.js","function":"Module.load","line":1049,"method":"load","native":false},{"column":14,"file":"internal/modules/cjs/loader.js","function":"Module._load","line":937,"method":"_load","native":false},{"column":12,"file":"internal/modules/run_main.js","function":"Function.executeUserEntryPoint [as runMain]","line":71,"method":"executeUserEntryPoint [as runMain]","native":false},{"column":14,"file":"C:\\Users\\programmer\\AppData\\Roaming\\npm\\node_modules\\ts-node\\src\\bin.ts","function":"main","line":225,"method":null,"native":false},{"column":3,"file":"C:\\Users\\programmer\\AppData\\Roaming\\npm\\node_modules\\ts-node\\src\\bin.ts","function":null,"line":512,"method":null,"native":false},{"column":30,"file":"internal/modules/cjs/loader.js","function":"Module._compile","line":1200,"method":"_compile","native":false},{"column":10,"file":"internal/modules/cjs/loader.js","function":"Module._extensions..js","line":1220,"method":".js","native":false},{"column":32,"file":"internal/modules/cjs/loader.js","function":"Module.load","line":1049,"method":"load","native":false}]}
{"error":{},"level":"error","message":"uncaughtException: app.use() requires a middleware function\nTypeError: app.use() requires a middleware function\n    at Function.use (F:\\Projects\\Nodejs\\Travel Budy\\node_modules\\express\\lib\\application.js:210:11)\n    at App.ConfigRouter (F:\\Projects\\Nodejs\\Travel Budy\\src\\app.ts:72:14)\n    at new App (F:\\Projects\\Nodejs\\Travel Budy\\src\\app.ts:26:10)\n    at Object.<anonymous> (F:\\Projects\\Nodejs\\Travel Budy\\src\\app.ts:85:16)\n    at Module._compile (internal/modules/cjs/loader.js:1200:30)\n    at Module.m._compile (C:\\Users\\programmer\\AppData\\Roaming\\npm\\node_modules\\ts-node\\src\\index.ts:1043:23)\n    at Module._extensions..js (internal/modules/cjs/loader.js:1220:10)\n    at Object.require.extensions.<computed> [as .ts] (C:\\Users\\programmer\\AppData\\Roaming\\npm\\node_modules\\ts-node\\src\\index.ts:1046:12)\n    at Module.load (internal/modules/cjs/loader.js:1049:32)\n    at Function.Module._load (internal/modules/cjs/loader.js:937:14)\n    at Function.executeUserEntryPoint [as runMain] (internal/modules/run_main.js:71:12)\n    at main (C:\\Users\\programmer\\AppData\\Roaming\\npm\\node_modules\\ts-node\\src\\bin.ts:225:14)\n    at Object.<anonymous> (C:\\Users\\programmer\\AppData\\Roaming\\npm\\node_modules\\ts-node\\src\\bin.ts:512:3)\n    at Module._compile (internal/modules/cjs/loader.js:1200:30)\n    at Object.Module._extensions..js (internal/modules/cjs/loader.js:1220:10)\n    at Module.load (internal/modules/cjs/loader.js:1049:32)","stack":"TypeError: app.use() requires a middleware function\n    at Function.use (F:\\Projects\\Nodejs\\Travel Budy\\node_modules\\express\\lib\\application.js:210:11)\n    at App.ConfigRouter (F:\\Projects\\Nodejs\\Travel Budy\\src\\app.ts:72:14)\n    at new App (F:\\Projects\\Nodejs\\Travel Budy\\src\\app.ts:26:10)\n    at Object.<anonymous> (F:\\Projects\\Nodejs\\Travel Budy\\src\\app.ts:85:16)\n    at Module._compile (internal/modules/cjs/loader.js:1200:30)\n    at Module.m._compile (C:\\Users\\programmer\\AppData\\Roaming\\npm\\node_modules\\ts-node\\src\\index.ts:1043:23)\n    at Module._extensions..js (internal/modules/cjs/loader.js:1220:10)\n    at Object.require.extensions.<computed> [as .ts] (C:\\Users\\programmer\\AppData\\Roaming\\npm\\node_modules\\ts-node\\src\\index.ts:1046:12)\n    at Module.load (internal/modules/cjs/loader.js:1049:32)\n    at Function.Module._load (internal/modules/cjs/loader.js:937:14)\n    at Function.executeUserEntryPoint [as runMain] (internal/modules/run_main.js:71:12)\n    at main (C:\\Users\\programmer\\AppData\\Roaming\\npm\\node_modules\\ts-node\\src\\bin.ts:225:14)\n    at Object.<anonymous> (C:\\Users\\programmer\\AppData\\Roaming\\npm\\node_modules\\ts-node\\src\\bin.ts:512:3)\n    at Module._compile (internal/modules/cjs/loader.js:1200:30)\n    at Object.Module._extensions..js (internal/modules/cjs/loader.js:1220:10)\n    at Module.load (internal/modules/cjs/loader.js:1049:32)","exception":true,"date":"Fri Oct 02 2020 14:21:39 GMT+0330 (Iran Standard Time)","process":{"pid":1744,"uid":null,"gid":null,"cwd":"F:\\Projects\\Nodejs\\Travel Budy","execPath":"F:\\Program Files\\nodejs\\node.exe","version":"v14.4.0","argv":["C:\\Users\\programmer\\AppData\\Roaming\\npm\\node_modules\\ts-node\\dist\\bin.js","F:\\Projects\\Nodejs\\Travel Budy\\src\\app.ts"],"memoryUsage":{"rss":186245120,"heapTotal":153591808,"heapUsed":129933456,"external":20680193,"arrayBuffers":18583003}},"os":{"loadavg":[0,0,0],"uptime":245121},"trace":[{"column":11,"file":"F:\\Projects\\Nodejs\\Travel Budy\\node_modules\\express\\lib\\application.js","function":"Function.use","line":210,"method":"use","native":false},{"column":14,"file":"F:\\Projects\\Nodejs\\Travel Budy\\src\\app.ts","function":"App.ConfigRouter","line":72,"method":"ConfigRouter","native":false},{"column":10,"file":"F:\\Projects\\Nodejs\\Travel Budy\\src\\app.ts","function":"new App","line":26,"method":null,"native":false},{"column":16,"file":"F:\\Projects\\Nodejs\\Travel Budy\\src\\app.ts","function":null,"line":85,"method":null,"native":false},{"column":30,"file":"internal/modules/cjs/loader.js","function":"Module._compile","line":1200,"method":"_compile","native":false},{"column":23,"file":"C:\\Users\\programmer\\AppData\\Roaming\\npm\\node_modules\\ts-node\\src\\index.ts","function":"Module.m._compile","line":1043,"method":"_compile","native":false},{"column":10,"file":"internal/modules/cjs/loader.js","function":"Module._extensions..js","line":1220,"method":".js","native":false},{"column":12,"file":"C:\\Users\\programmer\\AppData\\Roaming\\npm\\node_modules\\ts-node\\src\\index.ts","function":"Object.require.extensions.<computed> [as .ts]","line":1046,"method":"ts]","native":false},{"column":32,"file":"internal/modules/cjs/loader.js","function":"Module.load","line":1049,"method":"load","native":false},{"column":14,"file":"internal/modules/cjs/loader.js","function":"Module._load","line":937,"method":"_load","native":false},{"column":12,"file":"internal/modules/run_main.js","function":"Function.executeUserEntryPoint [as runMain]","line":71,"method":"executeUserEntryPoint [as runMain]","native":false},{"column":14,"file":"C:\\Users\\programmer\\AppData\\Roaming\\npm\\node_modules\\ts-node\\src\\bin.ts","function":"main","line":225,"method":null,"native":false},{"column":3,"file":"C:\\Users\\programmer\\AppData\\Roaming\\npm\\node_modules\\ts-node\\src\\bin.ts","function":null,"line":512,"method":null,"native":false},{"column":30,"file":"internal/modules/cjs/loader.js","function":"Module._compile","line":1200,"method":"_compile","native":false},{"column":10,"file":"internal/modules/cjs/loader.js","function":"Module._extensions..js","line":1220,"method":".js","native":false},{"column":32,"file":"internal/modules/cjs/loader.js","function":"Module.load","line":1049,"method":"load","native":false}]}
{"error":{},"level":"error","message":"uncaughtException: app.use() requires a middleware function\nTypeError: app.use() requires a middleware function\n    at Function.use (F:\\Projects\\Nodejs\\Travel Budy\\node_modules\\express\\lib\\application.js:210:11)\n    at App.ConfigRouter (F:\\Projects\\Nodejs\\Travel Budy\\src\\app.ts:72:14)\n    at new App (F:\\Projects\\Nodejs\\Travel Budy\\src\\app.ts:26:10)\n    at Object.<anonymous> (F:\\Projects\\Nodejs\\Travel Budy\\src\\app.ts:85:16)\n    at Module._compile (internal/modules/cjs/loader.js:1200:30)\n    at Module.m._compile (C:\\Users\\programmer\\AppData\\Roaming\\npm\\node_modules\\ts-node\\src\\index.ts:1043:23)\n    at Module._extensions..js (internal/modules/cjs/loader.js:1220:10)\n    at Object.require.extensions.<computed> [as .ts] (C:\\Users\\programmer\\AppData\\Roaming\\npm\\node_modules\\ts-node\\src\\index.ts:1046:12)\n    at Module.load (internal/modules/cjs/loader.js:1049:32)\n    at Function.Module._load (internal/modules/cjs/loader.js:937:14)\n    at Function.executeUserEntryPoint [as runMain] (internal/modules/run_main.js:71:12)\n    at main (C:\\Users\\programmer\\AppData\\Roaming\\npm\\node_modules\\ts-node\\src\\bin.ts:225:14)\n    at Object.<anonymous> (C:\\Users\\programmer\\AppData\\Roaming\\npm\\node_modules\\ts-node\\src\\bin.ts:512:3)\n    at Module._compile (internal/modules/cjs/loader.js:1200:30)\n    at Object.Module._extensions..js (internal/modules/cjs/loader.js:1220:10)\n    at Module.load (internal/modules/cjs/loader.js:1049:32)","stack":"TypeError: app.use() requires a middleware function\n    at Function.use (F:\\Projects\\Nodejs\\Travel Budy\\node_modules\\express\\lib\\application.js:210:11)\n    at App.ConfigRouter (F:\\Projects\\Nodejs\\Travel Budy\\src\\app.ts:72:14)\n    at new App (F:\\Projects\\Nodejs\\Travel Budy\\src\\app.ts:26:10)\n    at Object.<anonymous> (F:\\Projects\\Nodejs\\Travel Budy\\src\\app.ts:85:16)\n    at Module._compile (internal/modules/cjs/loader.js:1200:30)\n    at Module.m._compile (C:\\Users\\programmer\\AppData\\Roaming\\npm\\node_modules\\ts-node\\src\\index.ts:1043:23)\n    at Module._extensions..js (internal/modules/cjs/loader.js:1220:10)\n    at Object.require.extensions.<computed> [as .ts] (C:\\Users\\programmer\\AppData\\Roaming\\npm\\node_modules\\ts-node\\src\\index.ts:1046:12)\n    at Module.load (internal/modules/cjs/loader.js:1049:32)\n    at Function.Module._load (internal/modules/cjs/loader.js:937:14)\n    at Function.executeUserEntryPoint [as runMain] (internal/modules/run_main.js:71:12)\n    at main (C:\\Users\\programmer\\AppData\\Roaming\\npm\\node_modules\\ts-node\\src\\bin.ts:225:14)\n    at Object.<anonymous> (C:\\Users\\programmer\\AppData\\Roaming\\npm\\node_modules\\ts-node\\src\\bin.ts:512:3)\n    at Module._compile (internal/modules/cjs/loader.js:1200:30)\n    at Object.Module._extensions..js (internal/modules/cjs/loader.js:1220:10)\n    at Module.load (internal/modules/cjs/loader.js:1049:32)","exception":true,"date":"Fri Oct 02 2020 14:21:50 GMT+0330 (Iran Standard Time)","process":{"pid":15504,"uid":null,"gid":null,"cwd":"F:\\Projects\\Nodejs\\Travel Budy","execPath":"F:\\Program Files\\nodejs\\node.exe","version":"v14.4.0","argv":["C:\\Users\\programmer\\AppData\\Roaming\\npm\\node_modules\\ts-node\\dist\\bin.js","F:\\Projects\\Nodejs\\Travel Budy\\src\\app.ts"],"memoryUsage":{"rss":187944960,"heapTotal":153329664,"heapUsed":129995520,"external":20688377,"arrayBuffers":18591187}},"os":{"loadavg":[0,0,0],"uptime":245132},"trace":[{"column":11,"file":"F:\\Projects\\Nodejs\\Travel Budy\\node_modules\\express\\lib\\application.js","function":"Function.use","line":210,"method":"use","native":false},{"column":14,"file":"F:\\Projects\\Nodejs\\Travel Budy\\src\\app.ts","function":"App.ConfigRouter","line":72,"method":"ConfigRouter","native":false},{"column":10,"file":"F:\\Projects\\Nodejs\\Travel Budy\\src\\app.ts","function":"new App","line":26,"method":null,"native":false},{"column":16,"file":"F:\\Projects\\Nodejs\\Travel Budy\\src\\app.ts","function":null,"line":85,"method":null,"native":false},{"column":30,"file":"internal/modules/cjs/loader.js","function":"Module._compile","line":1200,"method":"_compile","native":false},{"column":23,"file":"C:\\Users\\programmer\\AppData\\Roaming\\npm\\node_modules\\ts-node\\src\\index.ts","function":"Module.m._compile","line":1043,"method":"_compile","native":false},{"column":10,"file":"internal/modules/cjs/loader.js","function":"Module._extensions..js","line":1220,"method":".js","native":false},{"column":12,"file":"C:\\Users\\programmer\\AppData\\Roaming\\npm\\node_modules\\ts-node\\src\\index.ts","function":"Object.require.extensions.<computed> [as .ts]","line":1046,"method":"ts]","native":false},{"column":32,"file":"internal/modules/cjs/loader.js","function":"Module.load","line":1049,"method":"load","native":false},{"column":14,"file":"internal/modules/cjs/loader.js","function":"Module._load","line":937,"method":"_load","native":false},{"column":12,"file":"internal/modules/run_main.js","function":"Function.executeUserEntryPoint [as runMain]","line":71,"method":"executeUserEntryPoint [as runMain]","native":false},{"column":14,"file":"C:\\Users\\programmer\\AppData\\Roaming\\npm\\node_modules\\ts-node\\src\\bin.ts","function":"main","line":225,"method":null,"native":false},{"column":3,"file":"C:\\Users\\programmer\\AppData\\Roaming\\npm\\node_modules\\ts-node\\src\\bin.ts","function":null,"line":512,"method":null,"native":false},{"column":30,"file":"internal/modules/cjs/loader.js","function":"Module._compile","line":1200,"method":"_compile","native":false},{"column":10,"file":"internal/modules/cjs/loader.js","function":"Module._extensions..js","line":1220,"method":".js","native":false},{"column":32,"file":"internal/modules/cjs/loader.js","function":"Module.load","line":1049,"method":"load","native":false}]}
{"error":{"driver":true,"name":"MongoError"},"level":"error","message":"uncaughtException: database names cannot contain the character ' '\nMongoError: database names cannot contain the character ' '\n    at Function.create (F:\\Projects\\Nodejs\\Travel Budy\\node_modules\\mongodb\\lib\\core\\error.js:57:12)\n    at validateDatabaseName (F:\\Projects\\Nodejs\\Travel Budy\\node_modules\\mongodb\\lib\\operations\\db_ops.js:344:24)\n    at new Db (F:\\Projects\\Nodejs\\Travel Budy\\node_modules\\mongodb\\lib\\db.js:190:3)\n    at MongoClient.db (F:\\Projects\\Nodejs\\Travel Budy\\node_modules\\mongodb\\lib\\mongo_client.js:318:14)\n    at _setClient (F:\\Projects\\Nodejs\\Travel Budy\\node_modules\\mongoose\\lib\\connection.js:831:58)\n    at F:\\Projects\\Nodejs\\Travel Budy\\node_modules\\mongoose\\lib\\connection.js:794:7\n    at F:\\Projects\\Nodejs\\Travel Budy\\node_modules\\mongodb\\lib\\utils.js:674:5\n    at F:\\Projects\\Nodejs\\Travel Budy\\node_modules\\mongodb\\lib\\mongo_client.js:225:7\n    at connectCallback (F:\\Projects\\Nodejs\\Travel Budy\\node_modules\\mongodb\\lib\\operations\\connect.js:366:5)\n    at F:\\Projects\\Nodejs\\Travel Budy\\node_modules\\mongodb\\lib\\operations\\connect.js:602:5\n    at Object.connectHandler [as callback] (F:\\Projects\\Nodejs\\Travel Budy\\node_modules\\mongodb\\lib\\core\\sdam\\topology.js:297:43)\n    at processWaitQueue (F:\\Projects\\Nodejs\\Travel Budy\\node_modules\\mongodb\\lib\\core\\sdam\\topology.js:1047:21)\n    at NativeTopology.serverUpdateHandler (F:\\Projects\\Nodejs\\Travel Budy\\node_modules\\mongodb\\lib\\core\\sdam\\topology.js:567:7)\n    at Server.emit (events.js:315:20)\n    at Server.EventEmitter.emit (domain.js:485:12)\n    at Monitor.<anonymous> (F:\\Projects\\Nodejs\\Travel Budy\\node_modules\\mongodb\\lib\\core\\sdam\\server.js:151:12)","stack":"MongoError: database names cannot contain the character ' '\n    at Function.create (F:\\Projects\\Nodejs\\Travel Budy\\node_modules\\mongodb\\lib\\core\\error.js:57:12)\n    at validateDatabaseName (F:\\Projects\\Nodejs\\Travel Budy\\node_modules\\mongodb\\lib\\operations\\db_ops.js:344:24)\n    at new Db (F:\\Projects\\Nodejs\\Travel Budy\\node_modules\\mongodb\\lib\\db.js:190:3)\n    at MongoClient.db (F:\\Projects\\Nodejs\\Travel Budy\\node_modules\\mongodb\\lib\\mongo_client.js:318:14)\n    at _setClient (F:\\Projects\\Nodejs\\Travel Budy\\node_modules\\mongoose\\lib\\connection.js:831:58)\n    at F:\\Projects\\Nodejs\\Travel Budy\\node_modules\\mongoose\\lib\\connection.js:794:7\n    at F:\\Projects\\Nodejs\\Travel Budy\\node_modules\\mongodb\\lib\\utils.js:674:5\n    at F:\\Projects\\Nodejs\\Travel Budy\\node_modules\\mongodb\\lib\\mongo_client.js:225:7\n    at connectCallback (F:\\Projects\\Nodejs\\Travel Budy\\node_modules\\mongodb\\lib\\operations\\connect.js:366:5)\n    at F:\\Projects\\Nodejs\\Travel Budy\\node_modules\\mongodb\\lib\\operations\\connect.js:602:5\n    at Object.connectHandler [as callback] (F:\\Projects\\Nodejs\\Travel Budy\\node_modules\\mongodb\\lib\\core\\sdam\\topology.js:297:43)\n    at processWaitQueue (F:\\Projects\\Nodejs\\Travel Budy\\node_modules\\mongodb\\lib\\core\\sdam\\topology.js:1047:21)\n    at NativeTopology.serverUpdateHandler (F:\\Projects\\Nodejs\\Travel Budy\\node_modules\\mongodb\\lib\\core\\sdam\\topology.js:567:7)\n    at Server.emit (events.js:315:20)\n    at Server.EventEmitter.emit (domain.js:485:12)\n    at Monitor.<anonymous> (F:\\Projects\\Nodejs\\Travel Budy\\node_modules\\mongodb\\lib\\core\\sdam\\server.js:151:12)","exception":true,"date":"Fri Oct 02 2020 15:25:43 GMT+0330 (Iran Standard Time)","process":{"pid":9084,"uid":null,"gid":null,"cwd":"F:\\Projects\\Nodejs\\Travel Budy","execPath":"F:\\Program Files\\nodejs\\node.exe","version":"v14.4.0","argv":["C:\\Users\\programmer\\AppData\\Roaming\\npm\\node_modules\\ts-node\\dist\\bin.js","F:\\Projects\\Nodejs\\Travel Budy\\src\\app.ts"],"memoryUsage":{"rss":183894016,"heapTotal":149774336,"heapUsed":125584736,"external":20711256,"arrayBuffers":18614066}},"os":{"loadavg":[0,0,0],"uptime":248965},"trace":[{"column":12,"file":"F:\\Projects\\Nodejs\\Travel Budy\\node_modules\\mongodb\\lib\\core\\error.js","function":"Function.create","line":57,"method":"create","native":false},{"column":24,"file":"F:\\Projects\\Nodejs\\Travel Budy\\node_modules\\mongodb\\lib\\operations\\db_ops.js","function":"validateDatabaseName","line":344,"method":null,"native":false},{"column":3,"file":"F:\\Projects\\Nodejs\\Travel Budy\\node_modules\\mongodb\\lib\\db.js","function":"new Db","line":190,"method":null,"native":false},{"column":14,"file":"F:\\Projects\\Nodejs\\Travel Budy\\node_modules\\mongodb\\lib\\mongo_client.js","function":"MongoClient.db","line":318,"method":"db","native":false},{"column":58,"file":"F:\\Projects\\Nodejs\\Travel Budy\\node_modules\\mongoose\\lib\\connection.js","function":"_setClient","line":831,"method":null,"native":false},{"column":7,"file":"F:\\Projects\\Nodejs\\Travel Budy\\node_modules\\mongoose\\lib\\connection.js","function":null,"line":794,"method":null,"native":false},{"column":5,"file":"F:\\Projects\\Nodejs\\Travel Budy\\node_modules\\mongodb\\lib\\utils.js","function":null,"line":674,"method":null,"native":false},{"column":7,"file":"F:\\Projects\\Nodejs\\Travel Budy\\node_modules\\mongodb\\lib\\mongo_client.js","function":null,"line":225,"method":null,"native":false},{"column":5,"file":"F:\\Projects\\Nodejs\\Travel Budy\\node_modules\\mongodb\\lib\\operations\\connect.js","function":"connectCallback","line":366,"method":null,"native":false},{"column":5,"file":"F:\\Projects\\Nodejs\\Travel Budy\\node_modules\\mongodb\\lib\\operations\\connect.js","function":null,"line":602,"method":null,"native":false},{"column":43,"file":"F:\\Projects\\Nodejs\\Travel Budy\\node_modules\\mongodb\\lib\\core\\sdam\\topology.js","function":"Object.connectHandler [as callback]","line":297,"method":"connectHandler [as callback]","native":false},{"column":21,"file":"F:\\Projects\\Nodejs\\Travel Budy\\node_modules\\mongodb\\lib\\core\\sdam\\topology.js","function":"processWaitQueue","line":1047,"method":null,"native":false},{"column":7,"file":"F:\\Projects\\Nodejs\\Travel Budy\\node_modules\\mongodb\\lib\\core\\sdam\\topology.js","function":"NativeTopology.serverUpdateHandler","line":567,"method":"serverUpdateHandler","native":false},{"column":20,"file":"events.js","function":"Server.emit","line":315,"method":"emit","native":false},{"column":12,"file":"domain.js","function":"Server.EventEmitter.emit","line":485,"method":"emit","native":false},{"column":12,"file":"F:\\Projects\\Nodejs\\Travel Budy\\node_modules\\mongodb\\lib\\core\\sdam\\server.js","function":null,"line":151,"method":null,"native":false}]}
{"error":{"diagnosticText":"\u001b[96msrc/http/controller/PermissionController.ts\u001b[0m:\u001b[93m8\u001b[0m:\u001b[93m41\u001b[0m - \u001b[91merror\u001b[0m\u001b[90m TS2339: \u001b[0mProperty 'ValidationAction' does not exist on type 'typeof PermissionController'.\r\n\r\n\u001b[7m8\u001b[0m         let validationData = await this.ValidationAction(req, res);\r\n\u001b[7m \u001b[0m \u001b[91m                                        ~~~~~~~~~~~~~~~~\u001b[0m\r\n\u001b[96msrc/http/controller/PermissionController.ts\u001b[0m:\u001b[93m12\u001b[0m:\u001b[93m26\u001b[0m - \u001b[91merror\u001b[0m\u001b[90m TS2339: \u001b[0mProperty 'Ok' does not exist on type 'typeof PermissionController'.\r\n\r\n\u001b[7m12\u001b[0m                     this.Ok(res);\r\n\u001b[7m  \u001b[0m \u001b[91m                         ~~\u001b[0m\r\n\u001b[96msrc/http/controller/PermissionController.ts\u001b[0m:\u001b[93m15\u001b[0m:\u001b[93m33\u001b[0m - \u001b[91merror\u001b[0m\u001b[90m TS2339: \u001b[0mProperty 'BadRerquest' does not exist on type 'typeof PermissionController'.\r\n\r\n\u001b[7m15\u001b[0m                     return this.BadRerquest(res, error);\r\n\u001b[7m  \u001b[0m \u001b[91m                                ~~~~~~~~~~~\u001b[0m\r\n\u001b[96msrc/http/controller/PermissionController.ts\u001b[0m:\u001b[93m18\u001b[0m:\u001b[93m25\u001b[0m - \u001b[91merror\u001b[0m\u001b[90m TS2339: \u001b[0mProperty 'BadRerquest' does not exist on type 'typeof PermissionController'.\r\n\r\n\u001b[7m18\u001b[0m             return this.BadRerquest(res, validationData.errorMessage);\r\n\u001b[7m  \u001b[0m \u001b[91m                        ~~~~~~~~~~~\u001b[0m\r\n","diagnosticCodes":[2339,2339,2339,2339]},"level":"error","message":"uncaughtException: ⨯ Unable to compile TypeScript:\n\u001b[96msrc/http/controller/PermissionController.ts\u001b[0m:\u001b[93m8\u001b[0m:\u001b[93m41\u001b[0m - \u001b[91merror\u001b[0m\u001b[90m TS2339: \u001b[0mProperty 'ValidationAction' does not exist on type 'typeof PermissionController'.\r\n\r\n\u001b[7m8\u001b[0m         let validationData = await this.ValidationAction(req, res);\r\n\u001b[7m \u001b[0m \u001b[91m                                        ~~~~~~~~~~~~~~~~\u001b[0m\r\n\u001b[96msrc/http/controller/PermissionController.ts\u001b[0m:\u001b[93m12\u001b[0m:\u001b[93m26\u001b[0m - \u001b[91merror\u001b[0m\u001b[90m TS2339: \u001b[0mProperty 'Ok' does not exist on type 'typeof PermissionController'.\r\n\r\n\u001b[7m12\u001b[0m                     this.Ok(res);\r\n\u001b[7m  \u001b[0m \u001b[91m                         ~~\u001b[0m\r\n\u001b[96msrc/http/controller/PermissionController.ts\u001b[0m:\u001b[93m15\u001b[0m:\u001b[93m33\u001b[0m - \u001b[91merror\u001b[0m\u001b[90m TS2339: \u001b[0mProperty 'BadRerquest' does not exist on type 'typeof PermissionController'.\r\n\r\n\u001b[7m15\u001b[0m                     return this.BadRerquest(res, error);\r\n\u001b[7m  \u001b[0m \u001b[91m                                ~~~~~~~~~~~\u001b[0m\r\n\u001b[96msrc/http/controller/PermissionController.ts\u001b[0m:\u001b[93m18\u001b[0m:\u001b[93m25\u001b[0m - \u001b[91merror\u001b[0m\u001b[90m TS2339: \u001b[0mProperty 'BadRerquest' does not exist on type 'typeof PermissionController'.\r\n\r\n\u001b[7m18\u001b[0m             return this.BadRerquest(res, validationData.errorMessage);\r\n\u001b[7m  \u001b[0m \u001b[91m                        ~~~~~~~~~~~\u001b[0m\r\n\nTSError: ⨯ Unable to compile TypeScript:\n\u001b[96msrc/http/controller/PermissionController.ts\u001b[0m:\u001b[93m8\u001b[0m:\u001b[93m41\u001b[0m - \u001b[91merror\u001b[0m\u001b[90m TS2339: \u001b[0mProperty 'ValidationAction' does not exist on type 'typeof PermissionController'.\r\n\r\n\u001b[7m8\u001b[0m         let validationData = await this.ValidationAction(req, res);\r\n\u001b[7m \u001b[0m \u001b[91m                                        ~~~~~~~~~~~~~~~~\u001b[0m\r\n\u001b[96msrc/http/controller/PermissionController.ts\u001b[0m:\u001b[93m12\u001b[0m:\u001b[93m26\u001b[0m - \u001b[91merror\u001b[0m\u001b[90m TS2339: \u001b[0mProperty 'Ok' does not exist on type 'typeof PermissionController'.\r\n\r\n\u001b[7m12\u001b[0m                     this.Ok(res);\r\n\u001b[7m  \u001b[0m \u001b[91m                         ~~\u001b[0m\r\n\u001b[96msrc/http/controller/PermissionController.ts\u001b[0m:\u001b[93m15\u001b[0m:\u001b[93m33\u001b[0m - \u001b[91merror\u001b[0m\u001b[90m TS2339: \u001b[0mProperty 'BadRerquest' does not exist on type 'typeof PermissionController'.\r\n\r\n\u001b[7m15\u001b[0m                     return this.BadRerquest(res, error);\r\n\u001b[7m  \u001b[0m \u001b[91m                                ~~~~~~~~~~~\u001b[0m\r\n\u001b[96msrc/http/controller/PermissionController.ts\u001b[0m:\u001b[93m18\u001b[0m:\u001b[93m25\u001b[0m - \u001b[91merror\u001b[0m\u001b[90m TS2339: \u001b[0mProperty 'BadRerquest' does not exist on type 'typeof PermissionController'.\r\n\r\n\u001b[7m18\u001b[0m             return this.BadRerquest(res, validationData.errorMessage);\r\n\u001b[7m  \u001b[0m \u001b[91m                        ~~~~~~~~~~~\u001b[0m\r\n\n    at createTSError (C:\\Users\\programmer\\AppData\\Roaming\\npm\\node_modules\\ts-node\\src\\index.ts:500:12)\n    at reportTSError (C:\\Users\\programmer\\AppData\\Roaming\\npm\\node_modules\\ts-node\\src\\index.ts:504:19)\n    at getOutput (C:\\Users\\programmer\\AppData\\Roaming\\npm\\node_modules\\ts-node\\src\\index.ts:739:36)\n    at Object.compile (C:\\Users\\programmer\\AppData\\Roaming\\npm\\node_modules\\ts-node\\src\\index.ts:955:32)\n    at Module.m._compile (C:\\Users\\programmer\\AppData\\Roaming\\npm\\node_modules\\ts-node\\src\\index.ts:1043:43)\n    at Module._extensions..js (internal/modules/cjs/loader.js:1220:10)\n    at Object.require.extensions.<computed> [as .ts] (C:\\Users\\programmer\\AppData\\Roaming\\npm\\node_modules\\ts-node\\src\\index.ts:1046:12)\n    at Module.load (internal/modules/cjs/loader.js:1049:32)\n    at Function.Module._load (internal/modules/cjs/loader.js:937:14)\n    at Module.require (internal/modules/cjs/loader.js:1089:19)\n    at require (internal/modules/cjs/helpers.js:73:18)\n    at Object.<anonymous> (F:\\Projects\\Nodejs\\Travel Budy\\src\\routes\\admin\\PermissionRouter.ts:2:1)\n    at Module._compile (internal/modules/cjs/loader.js:1200:30)\n    at Module.m._compile (C:\\Users\\programmer\\AppData\\Roaming\\npm\\node_modules\\ts-node\\src\\index.ts:1043:23)\n    at Module._extensions..js (internal/modules/cjs/loader.js:1220:10)\n    at Object.require.extensions.<computed> [as .ts] (C:\\Users\\programmer\\AppData\\Roaming\\npm\\node_modules\\ts-node\\src\\index.ts:1046:12)","stack":"TSError: ⨯ Unable to compile TypeScript:\n\u001b[96msrc/http/controller/PermissionController.ts\u001b[0m:\u001b[93m8\u001b[0m:\u001b[93m41\u001b[0m - \u001b[91merror\u001b[0m\u001b[90m TS2339: \u001b[0mProperty 'ValidationAction' does not exist on type 'typeof PermissionController'.\r\n\r\n\u001b[7m8\u001b[0m         let validationData = await this.ValidationAction(req, res);\r\n\u001b[7m \u001b[0m \u001b[91m                                        ~~~~~~~~~~~~~~~~\u001b[0m\r\n\u001b[96msrc/http/controller/PermissionController.ts\u001b[0m:\u001b[93m12\u001b[0m:\u001b[93m26\u001b[0m - \u001b[91merror\u001b[0m\u001b[90m TS2339: \u001b[0mProperty 'Ok' does not exist on type 'typeof PermissionController'.\r\n\r\n\u001b[7m12\u001b[0m                     this.Ok(res);\r\n\u001b[7m  \u001b[0m \u001b[91m                         ~~\u001b[0m\r\n\u001b[96msrc/http/controller/PermissionController.ts\u001b[0m:\u001b[93m15\u001b[0m:\u001b[93m33\u001b[0m - \u001b[91merror\u001b[0m\u001b[90m TS2339: \u001b[0mProperty 'BadRerquest' does not exist on type 'typeof PermissionController'.\r\n\r\n\u001b[7m15\u001b[0m                     return this.BadRerquest(res, error);\r\n\u001b[7m  \u001b[0m \u001b[91m                                ~~~~~~~~~~~\u001b[0m\r\n\u001b[96msrc/http/controller/PermissionController.ts\u001b[0m:\u001b[93m18\u001b[0m:\u001b[93m25\u001b[0m - \u001b[91merror\u001b[0m\u001b[90m TS2339: \u001b[0mProperty 'BadRerquest' does not exist on type 'typeof PermissionController'.\r\n\r\n\u001b[7m18\u001b[0m             return this.BadRerquest(res, validationData.errorMessage);\r\n\u001b[7m  \u001b[0m \u001b[91m                        ~~~~~~~~~~~\u001b[0m\r\n\n    at createTSError (C:\\Users\\programmer\\AppData\\Roaming\\npm\\node_modules\\ts-node\\src\\index.ts:500:12)\n    at reportTSError (C:\\Users\\programmer\\AppData\\Roaming\\npm\\node_modules\\ts-node\\src\\index.ts:504:19)\n    at getOutput (C:\\Users\\programmer\\AppData\\Roaming\\npm\\node_modules\\ts-node\\src\\index.ts:739:36)\n    at Object.compile (C:\\Users\\programmer\\AppData\\Roaming\\npm\\node_modules\\ts-node\\src\\index.ts:955:32)\n    at Module.m._compile (C:\\Users\\programmer\\AppData\\Roaming\\npm\\node_modules\\ts-node\\src\\index.ts:1043:43)\n    at Module._extensions..js (internal/modules/cjs/loader.js:1220:10)\n    at Object.require.extensions.<computed> [as .ts] (C:\\Users\\programmer\\AppData\\Roaming\\npm\\node_modules\\ts-node\\src\\index.ts:1046:12)\n    at Module.load (internal/modules/cjs/loader.js:1049:32)\n    at Function.Module._load (internal/modules/cjs/loader.js:937:14)\n    at Module.require (internal/modules/cjs/loader.js:1089:19)\n    at require (internal/modules/cjs/helpers.js:73:18)\n    at Object.<anonymous> (F:\\Projects\\Nodejs\\Travel Budy\\src\\routes\\admin\\PermissionRouter.ts:2:1)\n    at Module._compile (internal/modules/cjs/loader.js:1200:30)\n    at Module.m._compile (C:\\Users\\programmer\\AppData\\Roaming\\npm\\node_modules\\ts-node\\src\\index.ts:1043:23)\n    at Module._extensions..js (internal/modules/cjs/loader.js:1220:10)\n    at Object.require.extensions.<computed> [as .ts] (C:\\Users\\programmer\\AppData\\Roaming\\npm\\node_modules\\ts-node\\src\\index.ts:1046:12)","exception":true,"date":"Fri Oct 02 2020 15:48:34 GMT+0330 (Iran Standard Time)","process":{"pid":8252,"uid":null,"gid":null,"cwd":"F:\\Projects\\Nodejs\\Travel Budy","execPath":"F:\\Program Files\\nodejs\\node.exe","version":"v14.4.0","argv":["C:\\Users\\programmer\\AppData\\Roaming\\npm\\node_modules\\ts-node\\dist\\bin.js","F:\\Projects\\Nodejs\\Travel Budy\\src\\app.ts"],"memoryUsage":{"rss":174944256,"heapTotal":142557184,"heapUsed":118757320,"external":20451886,"arrayBuffers":18456793}},"os":{"loadavg":[0,0,0],"uptime":250336},"trace":[{"column":12,"file":"C:\\Users\\programmer\\AppData\\Roaming\\npm\\node_modules\\ts-node\\src\\index.ts","function":"createTSError","line":500,"method":null,"native":false},{"column":19,"file":"C:\\Users\\programmer\\AppData\\Roaming\\npm\\node_modules\\ts-node\\src\\index.ts","function":"reportTSError","line":504,"method":null,"native":false},{"column":36,"file":"C:\\Users\\programmer\\AppData\\Roaming\\npm\\node_modules\\ts-node\\src\\index.ts","function":"getOutput","line":739,"method":null,"native":false},{"column":32,"file":"C:\\Users\\programmer\\AppData\\Roaming\\npm\\node_modules\\ts-node\\src\\index.ts","function":"Object.compile","line":955,"method":"compile","native":false},{"column":43,"file":"C:\\Users\\programmer\\AppData\\Roaming\\npm\\node_modules\\ts-node\\src\\index.ts","function":"Module.m._compile","line":1043,"method":"_compile","native":false},{"column":10,"file":"internal/modules/cjs/loader.js","function":"Module._extensions..js","line":1220,"method":".js","native":false},{"column":12,"file":"C:\\Users\\programmer\\AppData\\Roaming\\npm\\node_modules\\ts-node\\src\\index.ts","function":"Object.require.extensions.<computed> [as .ts]","line":1046,"method":"ts]","native":false},{"column":32,"file":"internal/modules/cjs/loader.js","function":"Module.load","line":1049,"method":"load","native":false},{"column":14,"file":"internal/modules/cjs/loader.js","function":"Module._load","line":937,"method":"_load","native":false},{"column":19,"file":"internal/modules/cjs/loader.js","function":"Module.require","line":1089,"method":"require","native":false},{"column":18,"file":"internal/modules/cjs/helpers.js","function":"require","line":73,"method":null,"native":false},{"column":1,"file":"F:\\Projects\\Nodejs\\Travel Budy\\src\\routes\\admin\\PermissionRouter.ts","function":null,"line":2,"method":null,"native":false},{"column":30,"file":"internal/modules/cjs/loader.js","function":"Module._compile","line":1200,"method":"_compile","native":false},{"column":23,"file":"C:\\Users\\programmer\\AppData\\Roaming\\npm\\node_modules\\ts-node\\src\\index.ts","function":"Module.m._compile","line":1043,"method":"_compile","native":false},{"column":10,"file":"internal/modules/cjs/loader.js","function":"Module._extensions..js","line":1220,"method":".js","native":false},{"column":12,"file":"C:\\Users\\programmer\\AppData\\Roaming\\npm\\node_modules\\ts-node\\src\\index.ts","function":"Object.require.extensions.<computed> [as .ts]","line":1046,"method":"ts]","native":false}]}
{"error":{"diagnosticText":"\u001b[96msrc/http/controller/PermissionController.ts\u001b[0m:\u001b[93m8\u001b[0m:\u001b[93m41\u001b[0m - \u001b[91merror\u001b[0m\u001b[90m TS2339: \u001b[0mProperty 'ValidationAction' does not exist on type 'typeof PermissionController'.\r\n\r\n\u001b[7m8\u001b[0m         let validationData = await this.ValidationAction(req, res);\r\n\u001b[7m \u001b[0m \u001b[91m                                        ~~~~~~~~~~~~~~~~\u001b[0m\r\n\u001b[96msrc/http/controller/PermissionController.ts\u001b[0m:\u001b[93m12\u001b[0m:\u001b[93m26\u001b[0m - \u001b[91merror\u001b[0m\u001b[90m TS2339: \u001b[0mProperty 'Ok' does not exist on type 'typeof PermissionController'.\r\n\r\n\u001b[7m12\u001b[0m                     this.Ok(res);\r\n\u001b[7m  \u001b[0m \u001b[91m                         ~~\u001b[0m\r\n\u001b[96msrc/http/controller/PermissionController.ts\u001b[0m:\u001b[93m15\u001b[0m:\u001b[93m33\u001b[0m - \u001b[91merror\u001b[0m\u001b[90m TS2339: \u001b[0mProperty 'BadRerquest' does not exist on type 'typeof PermissionController'.\r\n\r\n\u001b[7m15\u001b[0m                     return this.BadRerquest(res, error);\r\n\u001b[7m  \u001b[0m \u001b[91m                                ~~~~~~~~~~~\u001b[0m\r\n\u001b[96msrc/http/controller/PermissionController.ts\u001b[0m:\u001b[93m18\u001b[0m:\u001b[93m25\u001b[0m - \u001b[91merror\u001b[0m\u001b[90m TS2339: \u001b[0mProperty 'BadRerquest' does not exist on type 'typeof PermissionController'.\r\n\r\n\u001b[7m18\u001b[0m             return this.BadRerquest(res, validationData.errorMessage);\r\n\u001b[7m  \u001b[0m \u001b[91m                        ~~~~~~~~~~~\u001b[0m\r\n","diagnosticCodes":[2339,2339,2339,2339]},"level":"error","message":"uncaughtException: ⨯ Unable to compile TypeScript:\n\u001b[96msrc/http/controller/PermissionController.ts\u001b[0m:\u001b[93m8\u001b[0m:\u001b[93m41\u001b[0m - \u001b[91merror\u001b[0m\u001b[90m TS2339: \u001b[0mProperty 'ValidationAction' does not exist on type 'typeof PermissionController'.\r\n\r\n\u001b[7m8\u001b[0m         let validationData = await this.ValidationAction(req, res);\r\n\u001b[7m \u001b[0m \u001b[91m                                        ~~~~~~~~~~~~~~~~\u001b[0m\r\n\u001b[96msrc/http/controller/PermissionController.ts\u001b[0m:\u001b[93m12\u001b[0m:\u001b[93m26\u001b[0m - \u001b[91merror\u001b[0m\u001b[90m TS2339: \u001b[0mProperty 'Ok' does not exist on type 'typeof PermissionController'.\r\n\r\n\u001b[7m12\u001b[0m                     this.Ok(res);\r\n\u001b[7m  \u001b[0m \u001b[91m                         ~~\u001b[0m\r\n\u001b[96msrc/http/controller/PermissionController.ts\u001b[0m:\u001b[93m15\u001b[0m:\u001b[93m33\u001b[0m - \u001b[91merror\u001b[0m\u001b[90m TS2339: \u001b[0mProperty 'BadRerquest' does not exist on type 'typeof PermissionController'.\r\n\r\n\u001b[7m15\u001b[0m                     return this.BadRerquest(res, error);\r\n\u001b[7m  \u001b[0m \u001b[91m                                ~~~~~~~~~~~\u001b[0m\r\n\u001b[96msrc/http/controller/PermissionController.ts\u001b[0m:\u001b[93m18\u001b[0m:\u001b[93m25\u001b[0m - \u001b[91merror\u001b[0m\u001b[90m TS2339: \u001b[0mProperty 'BadRerquest' does not exist on type 'typeof PermissionController'.\r\n\r\n\u001b[7m18\u001b[0m             return this.BadRerquest(res, validationData.errorMessage);\r\n\u001b[7m  \u001b[0m \u001b[91m                        ~~~~~~~~~~~\u001b[0m\r\n\nTSError: ⨯ Unable to compile TypeScript:\n\u001b[96msrc/http/controller/PermissionController.ts\u001b[0m:\u001b[93m8\u001b[0m:\u001b[93m41\u001b[0m - \u001b[91merror\u001b[0m\u001b[90m TS2339: \u001b[0mProperty 'ValidationAction' does not exist on type 'typeof PermissionController'.\r\n\r\n\u001b[7m8\u001b[0m         let validationData = await this.ValidationAction(req, res);\r\n\u001b[7m \u001b[0m \u001b[91m                                        ~~~~~~~~~~~~~~~~\u001b[0m\r\n\u001b[96msrc/http/controller/PermissionController.ts\u001b[0m:\u001b[93m12\u001b[0m:\u001b[93m26\u001b[0m - \u001b[91merror\u001b[0m\u001b[90m TS2339: \u001b[0mProperty 'Ok' does not exist on type 'typeof PermissionController'.\r\n\r\n\u001b[7m12\u001b[0m                     this.Ok(res);\r\n\u001b[7m  \u001b[0m \u001b[91m                         ~~\u001b[0m\r\n\u001b[96msrc/http/controller/PermissionController.ts\u001b[0m:\u001b[93m15\u001b[0m:\u001b[93m33\u001b[0m - \u001b[91merror\u001b[0m\u001b[90m TS2339: \u001b[0mProperty 'BadRerquest' does not exist on type 'typeof PermissionController'.\r\n\r\n\u001b[7m15\u001b[0m                     return this.BadRerquest(res, error);\r\n\u001b[7m  \u001b[0m \u001b[91m                                ~~~~~~~~~~~\u001b[0m\r\n\u001b[96msrc/http/controller/PermissionController.ts\u001b[0m:\u001b[93m18\u001b[0m:\u001b[93m25\u001b[0m - \u001b[91merror\u001b[0m\u001b[90m TS2339: \u001b[0mProperty 'BadRerquest' does not exist on type 'typeof PermissionController'.\r\n\r\n\u001b[7m18\u001b[0m             return this.BadRerquest(res, validationData.errorMessage);\r\n\u001b[7m  \u001b[0m \u001b[91m                        ~~~~~~~~~~~\u001b[0m\r\n\n    at createTSError (C:\\Users\\programmer\\AppData\\Roaming\\npm\\node_modules\\ts-node\\src\\index.ts:500:12)\n    at reportTSError (C:\\Users\\programmer\\AppData\\Roaming\\npm\\node_modules\\ts-node\\src\\index.ts:504:19)\n    at getOutput (C:\\Users\\programmer\\AppData\\Roaming\\npm\\node_modules\\ts-node\\src\\index.ts:739:36)\n    at Object.compile (C:\\Users\\programmer\\AppData\\Roaming\\npm\\node_modules\\ts-node\\src\\index.ts:955:32)\n    at Module.m._compile (C:\\Users\\programmer\\AppData\\Roaming\\npm\\node_modules\\ts-node\\src\\index.ts:1043:43)\n    at Module._extensions..js (internal/modules/cjs/loader.js:1220:10)\n    at Object.require.extensions.<computed> [as .ts] (C:\\Users\\programmer\\AppData\\Roaming\\npm\\node_modules\\ts-node\\src\\index.ts:1046:12)\n    at Module.load (internal/modules/cjs/loader.js:1049:32)\n    at Function.Module._load (internal/modules/cjs/loader.js:937:14)\n    at Module.require (internal/modules/cjs/loader.js:1089:19)\n    at require (internal/modules/cjs/helpers.js:73:18)\n    at Object.<anonymous> (F:\\Projects\\Nodejs\\Travel Budy\\src\\routes\\admin\\PermissionRouter.ts:2:1)\n    at Module._compile (internal/modules/cjs/loader.js:1200:30)\n    at Module.m._compile (C:\\Users\\programmer\\AppData\\Roaming\\npm\\node_modules\\ts-node\\src\\index.ts:1043:23)\n    at Module._extensions..js (internal/modules/cjs/loader.js:1220:10)\n    at Object.require.extensions.<computed> [as .ts] (C:\\Users\\programmer\\AppData\\Roaming\\npm\\node_modules\\ts-node\\src\\index.ts:1046:12)","stack":"TSError: ⨯ Unable to compile TypeScript:\n\u001b[96msrc/http/controller/PermissionController.ts\u001b[0m:\u001b[93m8\u001b[0m:\u001b[93m41\u001b[0m - \u001b[91merror\u001b[0m\u001b[90m TS2339: \u001b[0mProperty 'ValidationAction' does not exist on type 'typeof PermissionController'.\r\n\r\n\u001b[7m8\u001b[0m         let validationData = await this.ValidationAction(req, res);\r\n\u001b[7m \u001b[0m \u001b[91m                                        ~~~~~~~~~~~~~~~~\u001b[0m\r\n\u001b[96msrc/http/controller/PermissionController.ts\u001b[0m:\u001b[93m12\u001b[0m:\u001b[93m26\u001b[0m - \u001b[91merror\u001b[0m\u001b[90m TS2339: \u001b[0mProperty 'Ok' does not exist on type 'typeof PermissionController'.\r\n\r\n\u001b[7m12\u001b[0m                     this.Ok(res);\r\n\u001b[7m  \u001b[0m \u001b[91m                         ~~\u001b[0m\r\n\u001b[96msrc/http/controller/PermissionController.ts\u001b[0m:\u001b[93m15\u001b[0m:\u001b[93m33\u001b[0m - \u001b[91merror\u001b[0m\u001b[90m TS2339: \u001b[0mProperty 'BadRerquest' does not exist on type 'typeof PermissionController'.\r\n\r\n\u001b[7m15\u001b[0m                     return this.BadRerquest(res, error);\r\n\u001b[7m  \u001b[0m \u001b[91m                                ~~~~~~~~~~~\u001b[0m\r\n\u001b[96msrc/http/controller/PermissionController.ts\u001b[0m:\u001b[93m18\u001b[0m:\u001b[93m25\u001b[0m - \u001b[91merror\u001b[0m\u001b[90m TS2339: \u001b[0mProperty 'BadRerquest' does not exist on type 'typeof PermissionController'.\r\n\r\n\u001b[7m18\u001b[0m             return this.BadRerquest(res, validationData.errorMessage);\r\n\u001b[7m  \u001b[0m \u001b[91m                        ~~~~~~~~~~~\u001b[0m\r\n\n    at createTSError (C:\\Users\\programmer\\AppData\\Roaming\\npm\\node_modules\\ts-node\\src\\index.ts:500:12)\n    at reportTSError (C:\\Users\\programmer\\AppData\\Roaming\\npm\\node_modules\\ts-node\\src\\index.ts:504:19)\n    at getOutput (C:\\Users\\programmer\\AppData\\Roaming\\npm\\node_modules\\ts-node\\src\\index.ts:739:36)\n    at Object.compile (C:\\Users\\programmer\\AppData\\Roaming\\npm\\node_modules\\ts-node\\src\\index.ts:955:32)\n    at Module.m._compile (C:\\Users\\programmer\\AppData\\Roaming\\npm\\node_modules\\ts-node\\src\\index.ts:1043:43)\n    at Module._extensions..js (internal/modules/cjs/loader.js:1220:10)\n    at Object.require.extensions.<computed> [as .ts] (C:\\Users\\programmer\\AppData\\Roaming\\npm\\node_modules\\ts-node\\src\\index.ts:1046:12)\n    at Module.load (internal/modules/cjs/loader.js:1049:32)\n    at Function.Module._load (internal/modules/cjs/loader.js:937:14)\n    at Module.require (internal/modules/cjs/loader.js:1089:19)\n    at require (internal/modules/cjs/helpers.js:73:18)\n    at Object.<anonymous> (F:\\Projects\\Nodejs\\Travel Budy\\src\\routes\\admin\\PermissionRouter.ts:2:1)\n    at Module._compile (internal/modules/cjs/loader.js:1200:30)\n    at Module.m._compile (C:\\Users\\programmer\\AppData\\Roaming\\npm\\node_modules\\ts-node\\src\\index.ts:1043:23)\n    at Module._extensions..js (internal/modules/cjs/loader.js:1220:10)\n    at Object.require.extensions.<computed> [as .ts] (C:\\Users\\programmer\\AppData\\Roaming\\npm\\node_modules\\ts-node\\src\\index.ts:1046:12)","exception":true,"date":"Fri Oct 02 2020 15:49:33 GMT+0330 (Iran Standard Time)","process":{"pid":1600,"uid":null,"gid":null,"cwd":"F:\\Projects\\Nodejs\\Travel Budy","execPath":"F:\\Program Files\\nodejs\\node.exe","version":"v14.4.0","argv":["C:\\Users\\programmer\\AppData\\Roaming\\npm\\node_modules\\ts-node\\dist\\bin.js","F:\\Projects\\Nodejs\\Travel Budy\\src\\app.ts"],"memoryUsage":{"rss":174481408,"heapTotal":142295040,"heapUsed":118727760,"external":20451886,"arrayBuffers":18456793}},"os":{"loadavg":[0,0,0],"uptime":250395},"trace":[{"column":12,"file":"C:\\Users\\programmer\\AppData\\Roaming\\npm\\node_modules\\ts-node\\src\\index.ts","function":"createTSError","line":500,"method":null,"native":false},{"column":19,"file":"C:\\Users\\programmer\\AppData\\Roaming\\npm\\node_modules\\ts-node\\src\\index.ts","function":"reportTSError","line":504,"method":null,"native":false},{"column":36,"file":"C:\\Users\\programmer\\AppData\\Roaming\\npm\\node_modules\\ts-node\\src\\index.ts","function":"getOutput","line":739,"method":null,"native":false},{"column":32,"file":"C:\\Users\\programmer\\AppData\\Roaming\\npm\\node_modules\\ts-node\\src\\index.ts","function":"Object.compile","line":955,"method":"compile","native":false},{"column":43,"file":"C:\\Users\\programmer\\AppData\\Roaming\\npm\\node_modules\\ts-node\\src\\index.ts","function":"Module.m._compile","line":1043,"method":"_compile","native":false},{"column":10,"file":"internal/modules/cjs/loader.js","function":"Module._extensions..js","line":1220,"method":".js","native":false},{"column":12,"file":"C:\\Users\\programmer\\AppData\\Roaming\\npm\\node_modules\\ts-node\\src\\index.ts","function":"Object.require.extensions.<computed> [as .ts]","line":1046,"method":"ts]","native":false},{"column":32,"file":"internal/modules/cjs/loader.js","function":"Module.load","line":1049,"method":"load","native":false},{"column":14,"file":"internal/modules/cjs/loader.js","function":"Module._load","line":937,"method":"_load","native":false},{"column":19,"file":"internal/modules/cjs/loader.js","function":"Module.require","line":1089,"method":"require","native":false},{"column":18,"file":"internal/modules/cjs/helpers.js","function":"require","line":73,"method":null,"native":false},{"column":1,"file":"F:\\Projects\\Nodejs\\Travel Budy\\src\\routes\\admin\\PermissionRouter.ts","function":null,"line":2,"method":null,"native":false},{"column":30,"file":"internal/modules/cjs/loader.js","function":"Module._compile","line":1200,"method":"_compile","native":false},{"column":23,"file":"C:\\Users\\programmer\\AppData\\Roaming\\npm\\node_modules\\ts-node\\src\\index.ts","function":"Module.m._compile","line":1043,"method":"_compile","native":false},{"column":10,"file":"internal/modules/cjs/loader.js","function":"Module._extensions..js","line":1220,"method":".js","native":false},{"column":12,"file":"C:\\Users\\programmer\\AppData\\Roaming\\npm\\node_modules\\ts-node\\src\\index.ts","function":"Object.require.extensions.<computed> [as .ts]","line":1046,"method":"ts]","native":false}]}
{"error":{"diagnosticText":"\u001b[96msrc/http/controller/PermissionController.ts\u001b[0m:\u001b[93m8\u001b[0m:\u001b[93m41\u001b[0m - \u001b[91merror\u001b[0m\u001b[90m TS2576: \u001b[0mProperty 'ValidationAction' is a static member of type 'PermissionController'\r\n\r\n\u001b[7m8\u001b[0m         let validationData = await this.ValidationAction(req, res);\r\n\u001b[7m \u001b[0m \u001b[91m                                        ~~~~~~~~~~~~~~~~\u001b[0m\r\n\u001b[96msrc/http/controller/PermissionController.ts\u001b[0m:\u001b[93m12\u001b[0m:\u001b[93m26\u001b[0m - \u001b[91merror\u001b[0m\u001b[90m TS2576: \u001b[0mProperty 'Ok' is a static member of type 'PermissionController'\r\n\r\n\u001b[7m12\u001b[0m                     this.Ok(res);\r\n\u001b[7m  \u001b[0m \u001b[91m                         ~~\u001b[0m\r\n\u001b[96msrc/http/controller/PermissionController.ts\u001b[0m:\u001b[93m15\u001b[0m:\u001b[93m33\u001b[0m - \u001b[91merror\u001b[0m\u001b[90m TS2576: \u001b[0mProperty 'BadRerquest' is a static member of type 'PermissionController'\r\n\r\n\u001b[7m15\u001b[0m                     return this.BadRerquest(res, error);\r\n\u001b[7m  \u001b[0m \u001b[91m                                ~~~~~~~~~~~\u001b[0m\r\n\u001b[96msrc/http/controller/PermissionController.ts\u001b[0m:\u001b[93m18\u001b[0m:\u001b[93m25\u001b[0m - \u001b[91merror\u001b[0m\u001b[90m TS2576: \u001b[0mProperty 'BadRerquest' is a static member of type 'PermissionController'\r\n\r\n\u001b[7m18\u001b[0m             return this.BadRerquest(res, validationData.errorMessage);\r\n\u001b[7m  \u001b[0m \u001b[91m                        ~~~~~~~~~~~\u001b[0m\r\n","diagnosticCodes":[2576,2576,2576,2576]},"level":"error","message":"uncaughtException: ⨯ Unable to compile TypeScript:\n\u001b[96msrc/http/controller/PermissionController.ts\u001b[0m:\u001b[93m8\u001b[0m:\u001b[93m41\u001b[0m - \u001b[91merror\u001b[0m\u001b[90m TS2576: \u001b[0mProperty 'ValidationAction' is a static member of type 'PermissionController'\r\n\r\n\u001b[7m8\u001b[0m         let validationData = await this.ValidationAction(req, res);\r\n\u001b[7m \u001b[0m \u001b[91m                                        ~~~~~~~~~~~~~~~~\u001b[0m\r\n\u001b[96msrc/http/controller/PermissionController.ts\u001b[0m:\u001b[93m12\u001b[0m:\u001b[93m26\u001b[0m - \u001b[91merror\u001b[0m\u001b[90m TS2576: \u001b[0mProperty 'Ok' is a static member of type 'PermissionController'\r\n\r\n\u001b[7m12\u001b[0m                     this.Ok(res);\r\n\u001b[7m  \u001b[0m \u001b[91m                         ~~\u001b[0m\r\n\u001b[96msrc/http/controller/PermissionController.ts\u001b[0m:\u001b[93m15\u001b[0m:\u001b[93m33\u001b[0m - \u001b[91merror\u001b[0m\u001b[90m TS2576: \u001b[0mProperty 'BadRerquest' is a static member of type 'PermissionController'\r\n\r\n\u001b[7m15\u001b[0m                     return this.BadRerquest(res, error);\r\n\u001b[7m  \u001b[0m \u001b[91m                                ~~~~~~~~~~~\u001b[0m\r\n\u001b[96msrc/http/controller/PermissionController.ts\u001b[0m:\u001b[93m18\u001b[0m:\u001b[93m25\u001b[0m - \u001b[91merror\u001b[0m\u001b[90m TS2576: \u001b[0mProperty 'BadRerquest' is a static member of type 'PermissionController'\r\n\r\n\u001b[7m18\u001b[0m             return this.BadRerquest(res, validationData.errorMessage);\r\n\u001b[7m  \u001b[0m \u001b[91m                        ~~~~~~~~~~~\u001b[0m\r\n\nTSError: ⨯ Unable to compile TypeScript:\n\u001b[96msrc/http/controller/PermissionController.ts\u001b[0m:\u001b[93m8\u001b[0m:\u001b[93m41\u001b[0m - \u001b[91merror\u001b[0m\u001b[90m TS2576: \u001b[0mProperty 'ValidationAction' is a static member of type 'PermissionController'\r\n\r\n\u001b[7m8\u001b[0m         let validationData = await this.ValidationAction(req, res);\r\n\u001b[7m \u001b[0m \u001b[91m                                        ~~~~~~~~~~~~~~~~\u001b[0m\r\n\u001b[96msrc/http/controller/PermissionController.ts\u001b[0m:\u001b[93m12\u001b[0m:\u001b[93m26\u001b[0m - \u001b[91merror\u001b[0m\u001b[90m TS2576: \u001b[0mProperty 'Ok' is a static member of type 'PermissionController'\r\n\r\n\u001b[7m12\u001b[0m                     this.Ok(res);\r\n\u001b[7m  \u001b[0m \u001b[91m                         ~~\u001b[0m\r\n\u001b[96msrc/http/controller/PermissionController.ts\u001b[0m:\u001b[93m15\u001b[0m:\u001b[93m33\u001b[0m - \u001b[91merror\u001b[0m\u001b[90m TS2576: \u001b[0mProperty 'BadRerquest' is a static member of type 'PermissionController'\r\n\r\n\u001b[7m15\u001b[0m                     return this.BadRerquest(res, error);\r\n\u001b[7m  \u001b[0m \u001b[91m                                ~~~~~~~~~~~\u001b[0m\r\n\u001b[96msrc/http/controller/PermissionController.ts\u001b[0m:\u001b[93m18\u001b[0m:\u001b[93m25\u001b[0m - \u001b[91merror\u001b[0m\u001b[90m TS2576: \u001b[0mProperty 'BadRerquest' is a static member of type 'PermissionController'\r\n\r\n\u001b[7m18\u001b[0m             return this.BadRerquest(res, validationData.errorMessage);\r\n\u001b[7m  \u001b[0m \u001b[91m                        ~~~~~~~~~~~\u001b[0m\r\n\n    at createTSError (C:\\Users\\programmer\\AppData\\Roaming\\npm\\node_modules\\ts-node\\src\\index.ts:500:12)\n    at reportTSError (C:\\Users\\programmer\\AppData\\Roaming\\npm\\node_modules\\ts-node\\src\\index.ts:504:19)\n    at getOutput (C:\\Users\\programmer\\AppData\\Roaming\\npm\\node_modules\\ts-node\\src\\index.ts:739:36)\n    at Object.compile (C:\\Users\\programmer\\AppData\\Roaming\\npm\\node_modules\\ts-node\\src\\index.ts:955:32)\n    at Module.m._compile (C:\\Users\\programmer\\AppData\\Roaming\\npm\\node_modules\\ts-node\\src\\index.ts:1043:43)\n    at Module._extensions..js (internal/modules/cjs/loader.js:1220:10)\n    at Object.require.extensions.<computed> [as .ts] (C:\\Users\\programmer\\AppData\\Roaming\\npm\\node_modules\\ts-node\\src\\index.ts:1046:12)\n    at Module.load (internal/modules/cjs/loader.js:1049:32)\n    at Function.Module._load (internal/modules/cjs/loader.js:937:14)\n    at Module.require (internal/modules/cjs/loader.js:1089:19)\n    at require (internal/modules/cjs/helpers.js:73:18)\n    at Object.<anonymous> (F:\\Projects\\Nodejs\\Travel Budy\\src\\routes\\admin\\PermissionRouter.ts:2:1)\n    at Module._compile (internal/modules/cjs/loader.js:1200:30)\n    at Module.m._compile (C:\\Users\\programmer\\AppData\\Roaming\\npm\\node_modules\\ts-node\\src\\index.ts:1043:23)\n    at Module._extensions..js (internal/modules/cjs/loader.js:1220:10)\n    at Object.require.extensions.<computed> [as .ts] (C:\\Users\\programmer\\AppData\\Roaming\\npm\\node_modules\\ts-node\\src\\index.ts:1046:12)","stack":"TSError: ⨯ Unable to compile TypeScript:\n\u001b[96msrc/http/controller/PermissionController.ts\u001b[0m:\u001b[93m8\u001b[0m:\u001b[93m41\u001b[0m - \u001b[91merror\u001b[0m\u001b[90m TS2576: \u001b[0mProperty 'ValidationAction' is a static member of type 'PermissionController'\r\n\r\n\u001b[7m8\u001b[0m         let validationData = await this.ValidationAction(req, res);\r\n\u001b[7m \u001b[0m \u001b[91m                                        ~~~~~~~~~~~~~~~~\u001b[0m\r\n\u001b[96msrc/http/controller/PermissionController.ts\u001b[0m:\u001b[93m12\u001b[0m:\u001b[93m26\u001b[0m - \u001b[91merror\u001b[0m\u001b[90m TS2576: \u001b[0mProperty 'Ok' is a static member of type 'PermissionController'\r\n\r\n\u001b[7m12\u001b[0m                     this.Ok(res);\r\n\u001b[7m  \u001b[0m \u001b[91m                         ~~\u001b[0m\r\n\u001b[96msrc/http/controller/PermissionController.ts\u001b[0m:\u001b[93m15\u001b[0m:\u001b[93m33\u001b[0m - \u001b[91merror\u001b[0m\u001b[90m TS2576: \u001b[0mProperty 'BadRerquest' is a static member of type 'PermissionController'\r\n\r\n\u001b[7m15\u001b[0m                     return this.BadRerquest(res, error);\r\n\u001b[7m  \u001b[0m \u001b[91m                                ~~~~~~~~~~~\u001b[0m\r\n\u001b[96msrc/http/controller/PermissionController.ts\u001b[0m:\u001b[93m18\u001b[0m:\u001b[93m25\u001b[0m - \u001b[91merror\u001b[0m\u001b[90m TS2576: \u001b[0mProperty 'BadRerquest' is a static member of type 'PermissionController'\r\n\r\n\u001b[7m18\u001b[0m             return this.BadRerquest(res, validationData.errorMessage);\r\n\u001b[7m  \u001b[0m \u001b[91m                        ~~~~~~~~~~~\u001b[0m\r\n\n    at createTSError (C:\\Users\\programmer\\AppData\\Roaming\\npm\\node_modules\\ts-node\\src\\index.ts:500:12)\n    at reportTSError (C:\\Users\\programmer\\AppData\\Roaming\\npm\\node_modules\\ts-node\\src\\index.ts:504:19)\n    at getOutput (C:\\Users\\programmer\\AppData\\Roaming\\npm\\node_modules\\ts-node\\src\\index.ts:739:36)\n    at Object.compile (C:\\Users\\programmer\\AppData\\Roaming\\npm\\node_modules\\ts-node\\src\\index.ts:955:32)\n    at Module.m._compile (C:\\Users\\programmer\\AppData\\Roaming\\npm\\node_modules\\ts-node\\src\\index.ts:1043:43)\n    at Module._extensions..js (internal/modules/cjs/loader.js:1220:10)\n    at Object.require.extensions.<computed> [as .ts] (C:\\Users\\programmer\\AppData\\Roaming\\npm\\node_modules\\ts-node\\src\\index.ts:1046:12)\n    at Module.load (internal/modules/cjs/loader.js:1049:32)\n    at Function.Module._load (internal/modules/cjs/loader.js:937:14)\n    at Module.require (internal/modules/cjs/loader.js:1089:19)\n    at require (internal/modules/cjs/helpers.js:73:18)\n    at Object.<anonymous> (F:\\Projects\\Nodejs\\Travel Budy\\src\\routes\\admin\\PermissionRouter.ts:2:1)\n    at Module._compile (internal/modules/cjs/loader.js:1200:30)\n    at Module.m._compile (C:\\Users\\programmer\\AppData\\Roaming\\npm\\node_modules\\ts-node\\src\\index.ts:1043:23)\n    at Module._extensions..js (internal/modules/cjs/loader.js:1220:10)\n    at Object.require.extensions.<computed> [as .ts] (C:\\Users\\programmer\\AppData\\Roaming\\npm\\node_modules\\ts-node\\src\\index.ts:1046:12)","exception":true,"date":"Fri Oct 02 2020 15:57:04 GMT+0330 (Iran Standard Time)","process":{"pid":4444,"uid":null,"gid":null,"cwd":"F:\\Projects\\Nodejs\\Travel Budy","execPath":"F:\\Program Files\\nodejs\\node.exe","version":"v14.4.0","argv":["C:\\Users\\programmer\\AppData\\Roaming\\npm\\node_modules\\ts-node\\dist\\bin.js","F:\\Projects\\Nodejs\\Travel Budy\\src\\app.ts"],"memoryUsage":{"rss":174936064,"heapTotal":142557184,"heapUsed":118787496,"external":20451886,"arrayBuffers":18456793}},"os":{"loadavg":[0,0,0],"uptime":250846},"trace":[{"column":12,"file":"C:\\Users\\programmer\\AppData\\Roaming\\npm\\node_modules\\ts-node\\src\\index.ts","function":"createTSError","line":500,"method":null,"native":false},{"column":19,"file":"C:\\Users\\programmer\\AppData\\Roaming\\npm\\node_modules\\ts-node\\src\\index.ts","function":"reportTSError","line":504,"method":null,"native":false},{"column":36,"file":"C:\\Users\\programmer\\AppData\\Roaming\\npm\\node_modules\\ts-node\\src\\index.ts","function":"getOutput","line":739,"method":null,"native":false},{"column":32,"file":"C:\\Users\\programmer\\AppData\\Roaming\\npm\\node_modules\\ts-node\\src\\index.ts","function":"Object.compile","line":955,"method":"compile","native":false},{"column":43,"file":"C:\\Users\\programmer\\AppData\\Roaming\\npm\\node_modules\\ts-node\\src\\index.ts","function":"Module.m._compile","line":1043,"method":"_compile","native":false},{"column":10,"file":"internal/modules/cjs/loader.js","function":"Module._extensions..js","line":1220,"method":".js","native":false},{"column":12,"file":"C:\\Users\\programmer\\AppData\\Roaming\\npm\\node_modules\\ts-node\\src\\index.ts","function":"Object.require.extensions.<computed> [as .ts]","line":1046,"method":"ts]","native":false},{"column":32,"file":"internal/modules/cjs/loader.js","function":"Module.load","line":1049,"method":"load","native":false},{"column":14,"file":"internal/modules/cjs/loader.js","function":"Module._load","line":937,"method":"_load","native":false},{"column":19,"file":"internal/modules/cjs/loader.js","function":"Module.require","line":1089,"method":"require","native":false},{"column":18,"file":"internal/modules/cjs/helpers.js","function":"require","line":73,"method":null,"native":false},{"column":1,"file":"F:\\Projects\\Nodejs\\Travel Budy\\src\\routes\\admin\\PermissionRouter.ts","function":null,"line":2,"method":null,"native":false},{"column":30,"file":"internal/modules/cjs/loader.js","function":"Module._compile","line":1200,"method":"_compile","native":false},{"column":23,"file":"C:\\Users\\programmer\\AppData\\Roaming\\npm\\node_modules\\ts-node\\src\\index.ts","function":"Module.m._compile","line":1043,"method":"_compile","native":false},{"column":10,"file":"internal/modules/cjs/loader.js","function":"Module._extensions..js","line":1220,"method":".js","native":false},{"column":12,"file":"C:\\Users\\programmer\\AppData\\Roaming\\npm\\node_modules\\ts-node\\src\\index.ts","function":"Object.require.extensions.<computed> [as .ts]","line":1046,"method":"ts]","native":false}]}
{"error":{},"level":"error","message":"uncaughtException: First param to `schema.plugin()` must be a function, got \"object\"\nError: First param to `schema.plugin()` must be a function, got \"object\"\n    at Schema.plugin (F:\\Projects\\Nodejs\\Travel Budy\\node_modules\\mongoose\\lib\\schema.js:1503:11)\n    at Object.<anonymous> (F:\\Projects\\Nodejs\\Travel Budy\\src\\database\\model\\Permission.ts:21:18)\n    at Module._compile (internal/modules/cjs/loader.js:1200:30)\n    at Module.m._compile (C:\\Users\\programmer\\AppData\\Roaming\\npm\\node_modules\\ts-node\\src\\index.ts:1043:23)\n    at Module._extensions..js (internal/modules/cjs/loader.js:1220:10)\n    at Object.require.extensions.<computed> [as .ts] (C:\\Users\\programmer\\AppData\\Roaming\\npm\\node_modules\\ts-node\\src\\index.ts:1046:12)\n    at Module.load (internal/modules/cjs/loader.js:1049:32)\n    at Function.Module._load (internal/modules/cjs/loader.js:937:14)\n    at Module.require (internal/modules/cjs/loader.js:1089:19)\n    at require (internal/modules/cjs/helpers.js:73:18)\n    at Object.<anonymous> (F:\\Projects\\Nodejs\\Travel Budy\\src\\database\\respository\\Permission\\PermissionRrepository.ts:1:1)\n    at Module._compile (internal/modules/cjs/loader.js:1200:30)\n    at Module.m._compile (C:\\Users\\programmer\\AppData\\Roaming\\npm\\node_modules\\ts-node\\src\\index.ts:1043:23)\n    at Module._extensions..js (internal/modules/cjs/loader.js:1220:10)\n    at Object.require.extensions.<computed> [as .ts] (C:\\Users\\programmer\\AppData\\Roaming\\npm\\node_modules\\ts-node\\src\\index.ts:1046:12)\n    at Module.load (internal/modules/cjs/loader.js:1049:32)","stack":"Error: First param to `schema.plugin()` must be a function, got \"object\"\n    at Schema.plugin (F:\\Projects\\Nodejs\\Travel Budy\\node_modules\\mongoose\\lib\\schema.js:1503:11)\n    at Object.<anonymous> (F:\\Projects\\Nodejs\\Travel Budy\\src\\database\\model\\Permission.ts:21:18)\n    at Module._compile (internal/modules/cjs/loader.js:1200:30)\n    at Module.m._compile (C:\\Users\\programmer\\AppData\\Roaming\\npm\\node_modules\\ts-node\\src\\index.ts:1043:23)\n    at Module._extensions..js (internal/modules/cjs/loader.js:1220:10)\n    at Object.require.extensions.<computed> [as .ts] (C:\\Users\\programmer\\AppData\\Roaming\\npm\\node_modules\\ts-node\\src\\index.ts:1046:12)\n    at Module.load (internal/modules/cjs/loader.js:1049:32)\n    at Function.Module._load (internal/modules/cjs/loader.js:937:14)\n    at Module.require (internal/modules/cjs/loader.js:1089:19)\n    at require (internal/modules/cjs/helpers.js:73:18)\n    at Object.<anonymous> (F:\\Projects\\Nodejs\\Travel Budy\\src\\database\\respository\\Permission\\PermissionRrepository.ts:1:1)\n    at Module._compile (internal/modules/cjs/loader.js:1200:30)\n    at Module.m._compile (C:\\Users\\programmer\\AppData\\Roaming\\npm\\node_modules\\ts-node\\src\\index.ts:1043:23)\n    at Module._extensions..js (internal/modules/cjs/loader.js:1220:10)\n    at Object.require.extensions.<computed> [as .ts] (C:\\Users\\programmer\\AppData\\Roaming\\npm\\node_modules\\ts-node\\src\\index.ts:1046:12)\n    at Module.load (internal/modules/cjs/loader.js:1049:32)","exception":true,"date":"Fri Oct 02 2020 19:06:08 GMT+0330 (Iran Standard Time)","process":{"pid":11084,"uid":null,"gid":null,"cwd":"F:\\Projects\\Nodejs\\Travel Budy","execPath":"F:\\Program Files\\nodejs\\node.exe","version":"v14.4.0","argv":["C:\\Users\\programmer\\AppData\\Roaming\\npm\\node_modules\\ts-node\\dist\\bin.js","F:\\Projects\\Nodejs\\Travel Budy\\src\\app.ts"],"memoryUsage":{"rss":180166656,"heapTotal":148873216,"heapUsed":128336400,"external":20662717,"arrayBuffers":18667624}},"os":{"loadavg":[0,0,0],"uptime":2273},"trace":[{"column":11,"file":"F:\\Projects\\Nodejs\\Travel Budy\\node_modules\\mongoose\\lib\\schema.js","function":"Schema.plugin","line":1503,"method":"plugin","native":false},{"column":18,"file":"F:\\Projects\\Nodejs\\Travel Budy\\src\\database\\model\\Permission.ts","function":null,"line":21,"method":null,"native":false},{"column":30,"file":"internal/modules/cjs/loader.js","function":"Module._compile","line":1200,"method":"_compile","native":false},{"column":23,"file":"C:\\Users\\programmer\\AppData\\Roaming\\npm\\node_modules\\ts-node\\src\\index.ts","function":"Module.m._compile","line":1043,"method":"_compile","native":false},{"column":10,"file":"internal/modules/cjs/loader.js","function":"Module._extensions..js","line":1220,"method":".js","native":false},{"column":12,"file":"C:\\Users\\programmer\\AppData\\Roaming\\npm\\node_modules\\ts-node\\src\\index.ts","function":"Object.require.extensions.<computed> [as .ts]","line":1046,"method":"ts]","native":false},{"column":32,"file":"internal/modules/cjs/loader.js","function":"Module.load","line":1049,"method":"load","native":false},{"column":14,"file":"internal/modules/cjs/loader.js","function":"Module._load","line":937,"method":"_load","native":false},{"column":19,"file":"internal/modules/cjs/loader.js","function":"Module.require","line":1089,"method":"require","native":false},{"column":18,"file":"internal/modules/cjs/helpers.js","function":"require","line":73,"method":null,"native":false},{"column":1,"file":"F:\\Projects\\Nodejs\\Travel Budy\\src\\database\\respository\\Permission\\PermissionRrepository.ts","function":null,"line":1,"method":null,"native":false},{"column":30,"file":"internal/modules/cjs/loader.js","function":"Module._compile","line":1200,"method":"_compile","native":false},{"column":23,"file":"C:\\Users\\programmer\\AppData\\Roaming\\npm\\node_modules\\ts-node\\src\\index.ts","function":"Module.m._compile","line":1043,"method":"_compile","native":false},{"column":10,"file":"internal/modules/cjs/loader.js","function":"Module._extensions..js","line":1220,"method":".js","native":false},{"column":12,"file":"C:\\Users\\programmer\\AppData\\Roaming\\npm\\node_modules\\ts-node\\src\\index.ts","function":"Object.require.extensions.<computed> [as .ts]","line":1046,"method":"ts]","native":false},{"column":32,"file":"internal/modules/cjs/loader.js","function":"Module.load","line":1049,"method":"load","native":false}]}
{"error":{},"level":"error","message":"uncaughtException: First param to `schema.plugin()` must be a function, got \"object\"\nError: First param to `schema.plugin()` must be a function, got \"object\"\n    at Schema.plugin (F:\\Projects\\Nodejs\\Travel Budy\\node_modules\\mongoose\\lib\\schema.js:1503:11)\n    at Object.<anonymous> (F:\\Projects\\Nodejs\\Travel Budy\\src\\database\\model\\Permission.ts:21:18)\n    at Module._compile (internal/modules/cjs/loader.js:1200:30)\n    at Module.m._compile (C:\\Users\\programmer\\AppData\\Roaming\\npm\\node_modules\\ts-node\\src\\index.ts:1043:23)\n    at Module._extensions..js (internal/modules/cjs/loader.js:1220:10)\n    at Object.require.extensions.<computed> [as .ts] (C:\\Users\\programmer\\AppData\\Roaming\\npm\\node_modules\\ts-node\\src\\index.ts:1046:12)\n    at Module.load (internal/modules/cjs/loader.js:1049:32)\n    at Function.Module._load (internal/modules/cjs/loader.js:937:14)\n    at Module.require (internal/modules/cjs/loader.js:1089:19)\n    at require (internal/modules/cjs/helpers.js:73:18)\n    at Object.<anonymous> (F:\\Projects\\Nodejs\\Travel Budy\\src\\database\\respository\\Permission\\PermissionRrepository.ts:1:1)\n    at Module._compile (internal/modules/cjs/loader.js:1200:30)\n    at Module.m._compile (C:\\Users\\programmer\\AppData\\Roaming\\npm\\node_modules\\ts-node\\src\\index.ts:1043:23)\n    at Module._extensions..js (internal/modules/cjs/loader.js:1220:10)\n    at Object.require.extensions.<computed> [as .ts] (C:\\Users\\programmer\\AppData\\Roaming\\npm\\node_modules\\ts-node\\src\\index.ts:1046:12)\n    at Module.load (internal/modules/cjs/loader.js:1049:32)","stack":"Error: First param to `schema.plugin()` must be a function, got \"object\"\n    at Schema.plugin (F:\\Projects\\Nodejs\\Travel Budy\\node_modules\\mongoose\\lib\\schema.js:1503:11)\n    at Object.<anonymous> (F:\\Projects\\Nodejs\\Travel Budy\\src\\database\\model\\Permission.ts:21:18)\n    at Module._compile (internal/modules/cjs/loader.js:1200:30)\n    at Module.m._compile (C:\\Users\\programmer\\AppData\\Roaming\\npm\\node_modules\\ts-node\\src\\index.ts:1043:23)\n    at Module._extensions..js (internal/modules/cjs/loader.js:1220:10)\n    at Object.require.extensions.<computed> [as .ts] (C:\\Users\\programmer\\AppData\\Roaming\\npm\\node_modules\\ts-node\\src\\index.ts:1046:12)\n    at Module.load (internal/modules/cjs/loader.js:1049:32)\n    at Function.Module._load (internal/modules/cjs/loader.js:937:14)\n    at Module.require (internal/modules/cjs/loader.js:1089:19)\n    at require (internal/modules/cjs/helpers.js:73:18)\n    at Object.<anonymous> (F:\\Projects\\Nodejs\\Travel Budy\\src\\database\\respository\\Permission\\PermissionRrepository.ts:1:1)\n    at Module._compile (internal/modules/cjs/loader.js:1200:30)\n    at Module.m._compile (C:\\Users\\programmer\\AppData\\Roaming\\npm\\node_modules\\ts-node\\src\\index.ts:1043:23)\n    at Module._extensions..js (internal/modules/cjs/loader.js:1220:10)\n    at Object.require.extensions.<computed> [as .ts] (C:\\Users\\programmer\\AppData\\Roaming\\npm\\node_modules\\ts-node\\src\\index.ts:1046:12)\n    at Module.load (internal/modules/cjs/loader.js:1049:32)","exception":true,"date":"Fri Oct 02 2020 19:06:38 GMT+0330 (Iran Standard Time)","process":{"pid":4044,"uid":null,"gid":null,"cwd":"F:\\Projects\\Nodejs\\Travel Budy","execPath":"F:\\Program Files\\nodejs\\node.exe","version":"v14.4.0","argv":["C:\\Users\\programmer\\AppData\\Roaming\\npm\\node_modules\\ts-node\\dist\\bin.js","F:\\Projects\\Nodejs\\Travel Budy\\src\\app.ts"],"memoryUsage":{"rss":183197696,"heapTotal":150183936,"heapUsed":128343440,"external":20650375,"arrayBuffers":18655282}},"os":{"loadavg":[0,0,0],"uptime":2302},"trace":[{"column":11,"file":"F:\\Projects\\Nodejs\\Travel Budy\\node_modules\\mongoose\\lib\\schema.js","function":"Schema.plugin","line":1503,"method":"plugin","native":false},{"column":18,"file":"F:\\Projects\\Nodejs\\Travel Budy\\src\\database\\model\\Permission.ts","function":null,"line":21,"method":null,"native":false},{"column":30,"file":"internal/modules/cjs/loader.js","function":"Module._compile","line":1200,"method":"_compile","native":false},{"column":23,"file":"C:\\Users\\programmer\\AppData\\Roaming\\npm\\node_modules\\ts-node\\src\\index.ts","function":"Module.m._compile","line":1043,"method":"_compile","native":false},{"column":10,"file":"internal/modules/cjs/loader.js","function":"Module._extensions..js","line":1220,"method":".js","native":false},{"column":12,"file":"C:\\Users\\programmer\\AppData\\Roaming\\npm\\node_modules\\ts-node\\src\\index.ts","function":"Object.require.extensions.<computed> [as .ts]","line":1046,"method":"ts]","native":false},{"column":32,"file":"internal/modules/cjs/loader.js","function":"Module.load","line":1049,"method":"load","native":false},{"column":14,"file":"internal/modules/cjs/loader.js","function":"Module._load","line":937,"method":"_load","native":false},{"column":19,"file":"internal/modules/cjs/loader.js","function":"Module.require","line":1089,"method":"require","native":false},{"column":18,"file":"internal/modules/cjs/helpers.js","function":"require","line":73,"method":null,"native":false},{"column":1,"file":"F:\\Projects\\Nodejs\\Travel Budy\\src\\database\\respository\\Permission\\PermissionRrepository.ts","function":null,"line":1,"method":null,"native":false},{"column":30,"file":"internal/modules/cjs/loader.js","function":"Module._compile","line":1200,"method":"_compile","native":false},{"column":23,"file":"C:\\Users\\programmer\\AppData\\Roaming\\npm\\node_modules\\ts-node\\src\\index.ts","function":"Module.m._compile","line":1043,"method":"_compile","native":false},{"column":10,"file":"internal/modules/cjs/loader.js","function":"Module._extensions..js","line":1220,"method":".js","native":false},{"column":12,"file":"C:\\Users\\programmer\\AppData\\Roaming\\npm\\node_modules\\ts-node\\src\\index.ts","function":"Object.require.extensions.<computed> [as .ts]","line":1046,"method":"ts]","native":false},{"column":32,"file":"internal/modules/cjs/loader.js","function":"Module.load","line":1049,"method":"load","native":false}]}
{"error":{"diagnosticText":"\u001b[96msrc/database/model/Permission.ts\u001b[0m:\u001b[93m2\u001b[0m:\u001b[93m10\u001b[0m - \u001b[91merror\u001b[0m\u001b[90m TS2614: \u001b[0mModule '\"./BaseSchema\"' has no exported member 'BaseSchema'. Did you mean to use 'import BaseSchema from \"./BaseSchema\"' instead?\r\n\r\n\u001b[7m2\u001b[0m import { BaseSchema } from './BaseSchema';\r\n\u001b[7m \u001b[0m \u001b[91m         ~~~~~~~~~~\u001b[0m\r\n","diagnosticCodes":[2614]},"level":"error","message":"uncaughtException: ⨯ Unable to compile TypeScript:\n\u001b[96msrc/database/model/Permission.ts\u001b[0m:\u001b[93m2\u001b[0m:\u001b[93m10\u001b[0m - \u001b[91merror\u001b[0m\u001b[90m TS2614: \u001b[0mModule '\"./BaseSchema\"' has no exported member 'BaseSchema'. Did you mean to use 'import BaseSchema from \"./BaseSchema\"' instead?\r\n\r\n\u001b[7m2\u001b[0m import { BaseSchema } from './BaseSchema';\r\n\u001b[7m \u001b[0m \u001b[91m         ~~~~~~~~~~\u001b[0m\r\n\nTSError: ⨯ Unable to compile TypeScript:\n\u001b[96msrc/database/model/Permission.ts\u001b[0m:\u001b[93m2\u001b[0m:\u001b[93m10\u001b[0m - \u001b[91merror\u001b[0m\u001b[90m TS2614: \u001b[0mModule '\"./BaseSchema\"' has no exported member 'BaseSchema'. Did you mean to use 'import BaseSchema from \"./BaseSchema\"' instead?\r\n\r\n\u001b[7m2\u001b[0m import { BaseSchema } from './BaseSchema';\r\n\u001b[7m \u001b[0m \u001b[91m         ~~~~~~~~~~\u001b[0m\r\n\n    at createTSError (C:\\Users\\programmer\\AppData\\Roaming\\npm\\node_modules\\ts-node\\src\\index.ts:500:12)\n    at reportTSError (C:\\Users\\programmer\\AppData\\Roaming\\npm\\node_modules\\ts-node\\src\\index.ts:504:19)\n    at getOutput (C:\\Users\\programmer\\AppData\\Roaming\\npm\\node_modules\\ts-node\\src\\index.ts:739:36)\n    at Object.compile (C:\\Users\\programmer\\AppData\\Roaming\\npm\\node_modules\\ts-node\\src\\index.ts:955:32)\n    at Module.m._compile (C:\\Users\\programmer\\AppData\\Roaming\\npm\\node_modules\\ts-node\\src\\index.ts:1043:43)\n    at Module._extensions..js (internal/modules/cjs/loader.js:1220:10)\n    at Object.require.extensions.<computed> [as .ts] (C:\\Users\\programmer\\AppData\\Roaming\\npm\\node_modules\\ts-node\\src\\index.ts:1046:12)\n    at Module.load (internal/modules/cjs/loader.js:1049:32)\n    at Function.Module._load (internal/modules/cjs/loader.js:937:14)\n    at Module.require (internal/modules/cjs/loader.js:1089:19)\n    at require (internal/modules/cjs/helpers.js:73:18)\n    at Object.<anonymous> (F:\\Projects\\Nodejs\\Travel Budy\\src\\database\\respository\\Permission\\PermissionRrepository.ts:1:1)\n    at Module._compile (internal/modules/cjs/loader.js:1200:30)\n    at Module.m._compile (C:\\Users\\programmer\\AppData\\Roaming\\npm\\node_modules\\ts-node\\src\\index.ts:1043:23)\n    at Module._extensions..js (internal/modules/cjs/loader.js:1220:10)\n    at Object.require.extensions.<computed> [as .ts] (C:\\Users\\programmer\\AppData\\Roaming\\npm\\node_modules\\ts-node\\src\\index.ts:1046:12)","stack":"TSError: ⨯ Unable to compile TypeScript:\n\u001b[96msrc/database/model/Permission.ts\u001b[0m:\u001b[93m2\u001b[0m:\u001b[93m10\u001b[0m - \u001b[91merror\u001b[0m\u001b[90m TS2614: \u001b[0mModule '\"./BaseSchema\"' has no exported member 'BaseSchema'. Did you mean to use 'import BaseSchema from \"./BaseSchema\"' instead?\r\n\r\n\u001b[7m2\u001b[0m import { BaseSchema } from './BaseSchema';\r\n\u001b[7m \u001b[0m \u001b[91m         ~~~~~~~~~~\u001b[0m\r\n\n    at createTSError (C:\\Users\\programmer\\AppData\\Roaming\\npm\\node_modules\\ts-node\\src\\index.ts:500:12)\n    at reportTSError (C:\\Users\\programmer\\AppData\\Roaming\\npm\\node_modules\\ts-node\\src\\index.ts:504:19)\n    at getOutput (C:\\Users\\programmer\\AppData\\Roaming\\npm\\node_modules\\ts-node\\src\\index.ts:739:36)\n    at Object.compile (C:\\Users\\programmer\\AppData\\Roaming\\npm\\node_modules\\ts-node\\src\\index.ts:955:32)\n    at Module.m._compile (C:\\Users\\programmer\\AppData\\Roaming\\npm\\node_modules\\ts-node\\src\\index.ts:1043:43)\n    at Module._extensions..js (internal/modules/cjs/loader.js:1220:10)\n    at Object.require.extensions.<computed> [as .ts] (C:\\Users\\programmer\\AppData\\Roaming\\npm\\node_modules\\ts-node\\src\\index.ts:1046:12)\n    at Module.load (internal/modules/cjs/loader.js:1049:32)\n    at Function.Module._load (internal/modules/cjs/loader.js:937:14)\n    at Module.require (internal/modules/cjs/loader.js:1089:19)\n    at require (internal/modules/cjs/helpers.js:73:18)\n    at Object.<anonymous> (F:\\Projects\\Nodejs\\Travel Budy\\src\\database\\respository\\Permission\\PermissionRrepository.ts:1:1)\n    at Module._compile (internal/modules/cjs/loader.js:1200:30)\n    at Module.m._compile (C:\\Users\\programmer\\AppData\\Roaming\\npm\\node_modules\\ts-node\\src\\index.ts:1043:23)\n    at Module._extensions..js (internal/modules/cjs/loader.js:1220:10)\n    at Object.require.extensions.<computed> [as .ts] (C:\\Users\\programmer\\AppData\\Roaming\\npm\\node_modules\\ts-node\\src\\index.ts:1046:12)","exception":true,"date":"Fri Oct 02 2020 19:06:52 GMT+0330 (Iran Standard Time)","process":{"pid":8208,"uid":null,"gid":null,"cwd":"F:\\Projects\\Nodejs\\Travel Budy","execPath":"F:\\Program Files\\nodejs\\node.exe","version":"v14.4.0","argv":["C:\\Users\\programmer\\AppData\\Roaming\\npm\\node_modules\\ts-node\\dist\\bin.js","F:\\Projects\\Nodejs\\Travel Budy\\src\\app.ts"],"memoryUsage":{"rss":181882880,"heapTotal":150446080,"heapUsed":127439416,"external":20576796,"arrayBuffers":18581703}},"os":{"loadavg":[0,0,0],"uptime":2317},"trace":[{"column":12,"file":"C:\\Users\\programmer\\AppData\\Roaming\\npm\\node_modules\\ts-node\\src\\index.ts","function":"createTSError","line":500,"method":null,"native":false},{"column":19,"file":"C:\\Users\\programmer\\AppData\\Roaming\\npm\\node_modules\\ts-node\\src\\index.ts","function":"reportTSError","line":504,"method":null,"native":false},{"column":36,"file":"C:\\Users\\programmer\\AppData\\Roaming\\npm\\node_modules\\ts-node\\src\\index.ts","function":"getOutput","line":739,"method":null,"native":false},{"column":32,"file":"C:\\Users\\programmer\\AppData\\Roaming\\npm\\node_modules\\ts-node\\src\\index.ts","function":"Object.compile","line":955,"method":"compile","native":false},{"column":43,"file":"C:\\Users\\programmer\\AppData\\Roaming\\npm\\node_modules\\ts-node\\src\\index.ts","function":"Module.m._compile","line":1043,"method":"_compile","native":false},{"column":10,"file":"internal/modules/cjs/loader.js","function":"Module._extensions..js","line":1220,"method":".js","native":false},{"column":12,"file":"C:\\Users\\programmer\\AppData\\Roaming\\npm\\node_modules\\ts-node\\src\\index.ts","function":"Object.require.extensions.<computed> [as .ts]","line":1046,"method":"ts]","native":false},{"column":32,"file":"internal/modules/cjs/loader.js","function":"Module.load","line":1049,"method":"load","native":false},{"column":14,"file":"internal/modules/cjs/loader.js","function":"Module._load","line":937,"method":"_load","native":false},{"column":19,"file":"internal/modules/cjs/loader.js","function":"Module.require","line":1089,"method":"require","native":false},{"column":18,"file":"internal/modules/cjs/helpers.js","function":"require","line":73,"method":null,"native":false},{"column":1,"file":"F:\\Projects\\Nodejs\\Travel Budy\\src\\database\\respository\\Permission\\PermissionRrepository.ts","function":null,"line":1,"method":null,"native":false},{"column":30,"file":"internal/modules/cjs/loader.js","function":"Module._compile","line":1200,"method":"_compile","native":false},{"column":23,"file":"C:\\Users\\programmer\\AppData\\Roaming\\npm\\node_modules\\ts-node\\src\\index.ts","function":"Module.m._compile","line":1043,"method":"_compile","native":false},{"column":10,"file":"internal/modules/cjs/loader.js","function":"Module._extensions..js","line":1220,"method":".js","native":false},{"column":12,"file":"C:\\Users\\programmer\\AppData\\Roaming\\npm\\node_modules\\ts-node\\src\\index.ts","function":"Object.require.extensions.<computed> [as .ts]","line":1046,"method":"ts]","native":false}]}
{"error":{"diagnosticText":"\u001b[96msrc/database/model/Permission.ts\u001b[0m:\u001b[93m2\u001b[0m:\u001b[93m10\u001b[0m - \u001b[91merror\u001b[0m\u001b[90m TS2614: \u001b[0mModule '\"./BaseSchema\"' has no exported member 'BaseSchema'. Did you mean to use 'import BaseSchema from \"./BaseSchema\"' instead?\r\n\r\n\u001b[7m2\u001b[0m import { BaseSchema } from './BaseSchema';\r\n\u001b[7m \u001b[0m \u001b[91m         ~~~~~~~~~~\u001b[0m\r\n","diagnosticCodes":[2614]},"level":"error","message":"uncaughtException: ⨯ Unable to compile TypeScript:\n\u001b[96msrc/database/model/Permission.ts\u001b[0m:\u001b[93m2\u001b[0m:\u001b[93m10\u001b[0m - \u001b[91merror\u001b[0m\u001b[90m TS2614: \u001b[0mModule '\"./BaseSchema\"' has no exported member 'BaseSchema'. Did you mean to use 'import BaseSchema from \"./BaseSchema\"' instead?\r\n\r\n\u001b[7m2\u001b[0m import { BaseSchema } from './BaseSchema';\r\n\u001b[7m \u001b[0m \u001b[91m         ~~~~~~~~~~\u001b[0m\r\n\nTSError: ⨯ Unable to compile TypeScript:\n\u001b[96msrc/database/model/Permission.ts\u001b[0m:\u001b[93m2\u001b[0m:\u001b[93m10\u001b[0m - \u001b[91merror\u001b[0m\u001b[90m TS2614: \u001b[0mModule '\"./BaseSchema\"' has no exported member 'BaseSchema'. Did you mean to use 'import BaseSchema from \"./BaseSchema\"' instead?\r\n\r\n\u001b[7m2\u001b[0m import { BaseSchema } from './BaseSchema';\r\n\u001b[7m \u001b[0m \u001b[91m         ~~~~~~~~~~\u001b[0m\r\n\n    at createTSError (C:\\Users\\programmer\\AppData\\Roaming\\npm\\node_modules\\ts-node\\src\\index.ts:500:12)\n    at reportTSError (C:\\Users\\programmer\\AppData\\Roaming\\npm\\node_modules\\ts-node\\src\\index.ts:504:19)\n    at getOutput (C:\\Users\\programmer\\AppData\\Roaming\\npm\\node_modules\\ts-node\\src\\index.ts:739:36)\n    at Object.compile (C:\\Users\\programmer\\AppData\\Roaming\\npm\\node_modules\\ts-node\\src\\index.ts:955:32)\n    at Module.m._compile (C:\\Users\\programmer\\AppData\\Roaming\\npm\\node_modules\\ts-node\\src\\index.ts:1043:43)\n    at Module._extensions..js (internal/modules/cjs/loader.js:1220:10)\n    at Object.require.extensions.<computed> [as .ts] (C:\\Users\\programmer\\AppData\\Roaming\\npm\\node_modules\\ts-node\\src\\index.ts:1046:12)\n    at Module.load (internal/modules/cjs/loader.js:1049:32)\n    at Function.Module._load (internal/modules/cjs/loader.js:937:14)\n    at Module.require (internal/modules/cjs/loader.js:1089:19)\n    at require (internal/modules/cjs/helpers.js:73:18)\n    at Object.<anonymous> (F:\\Projects\\Nodejs\\Travel Budy\\src\\database\\respository\\Permission\\PermissionRrepository.ts:1:1)\n    at Module._compile (internal/modules/cjs/loader.js:1200:30)\n    at Module.m._compile (C:\\Users\\programmer\\AppData\\Roaming\\npm\\node_modules\\ts-node\\src\\index.ts:1043:23)\n    at Module._extensions..js (internal/modules/cjs/loader.js:1220:10)\n    at Object.require.extensions.<computed> [as .ts] (C:\\Users\\programmer\\AppData\\Roaming\\npm\\node_modules\\ts-node\\src\\index.ts:1046:12)","stack":"TSError: ⨯ Unable to compile TypeScript:\n\u001b[96msrc/database/model/Permission.ts\u001b[0m:\u001b[93m2\u001b[0m:\u001b[93m10\u001b[0m - \u001b[91merror\u001b[0m\u001b[90m TS2614: \u001b[0mModule '\"./BaseSchema\"' has no exported member 'BaseSchema'. Did you mean to use 'import BaseSchema from \"./BaseSchema\"' instead?\r\n\r\n\u001b[7m2\u001b[0m import { BaseSchema } from './BaseSchema';\r\n\u001b[7m \u001b[0m \u001b[91m         ~~~~~~~~~~\u001b[0m\r\n\n    at createTSError (C:\\Users\\programmer\\AppData\\Roaming\\npm\\node_modules\\ts-node\\src\\index.ts:500:12)\n    at reportTSError (C:\\Users\\programmer\\AppData\\Roaming\\npm\\node_modules\\ts-node\\src\\index.ts:504:19)\n    at getOutput (C:\\Users\\programmer\\AppData\\Roaming\\npm\\node_modules\\ts-node\\src\\index.ts:739:36)\n    at Object.compile (C:\\Users\\programmer\\AppData\\Roaming\\npm\\node_modules\\ts-node\\src\\index.ts:955:32)\n    at Module.m._compile (C:\\Users\\programmer\\AppData\\Roaming\\npm\\node_modules\\ts-node\\src\\index.ts:1043:43)\n    at Module._extensions..js (internal/modules/cjs/loader.js:1220:10)\n    at Object.require.extensions.<computed> [as .ts] (C:\\Users\\programmer\\AppData\\Roaming\\npm\\node_modules\\ts-node\\src\\index.ts:1046:12)\n    at Module.load (internal/modules/cjs/loader.js:1049:32)\n    at Function.Module._load (internal/modules/cjs/loader.js:937:14)\n    at Module.require (internal/modules/cjs/loader.js:1089:19)\n    at require (internal/modules/cjs/helpers.js:73:18)\n    at Object.<anonymous> (F:\\Projects\\Nodejs\\Travel Budy\\src\\database\\respository\\Permission\\PermissionRrepository.ts:1:1)\n    at Module._compile (internal/modules/cjs/loader.js:1200:30)\n    at Module.m._compile (C:\\Users\\programmer\\AppData\\Roaming\\npm\\node_modules\\ts-node\\src\\index.ts:1043:23)\n    at Module._extensions..js (internal/modules/cjs/loader.js:1220:10)\n    at Object.require.extensions.<computed> [as .ts] (C:\\Users\\programmer\\AppData\\Roaming\\npm\\node_modules\\ts-node\\src\\index.ts:1046:12)","exception":true,"date":"Fri Oct 02 2020 19:07:00 GMT+0330 (Iran Standard Time)","process":{"pid":7788,"uid":null,"gid":null,"cwd":"F:\\Projects\\Nodejs\\Travel Budy","execPath":"F:\\Program Files\\nodejs\\node.exe","version":"v14.4.0","argv":["C:\\Users\\programmer\\AppData\\Roaming\\npm\\node_modules\\ts-node\\dist\\bin.js","F:\\Projects\\Nodejs\\Travel Budy\\src\\app.ts"],"memoryUsage":{"rss":182542336,"heapTotal":149921792,"heapUsed":127614280,"external":20584988,"arrayBuffers":18589895}},"os":{"loadavg":[0,0,0],"uptime":2325},"trace":[{"column":12,"file":"C:\\Users\\programmer\\AppData\\Roaming\\npm\\node_modules\\ts-node\\src\\index.ts","function":"createTSError","line":500,"method":null,"native":false},{"column":19,"file":"C:\\Users\\programmer\\AppData\\Roaming\\npm\\node_modules\\ts-node\\src\\index.ts","function":"reportTSError","line":504,"method":null,"native":false},{"column":36,"file":"C:\\Users\\programmer\\AppData\\Roaming\\npm\\node_modules\\ts-node\\src\\index.ts","function":"getOutput","line":739,"method":null,"native":false},{"column":32,"file":"C:\\Users\\programmer\\AppData\\Roaming\\npm\\node_modules\\ts-node\\src\\index.ts","function":"Object.compile","line":955,"method":"compile","native":false},{"column":43,"file":"C:\\Users\\programmer\\AppData\\Roaming\\npm\\node_modules\\ts-node\\src\\index.ts","function":"Module.m._compile","line":1043,"method":"_compile","native":false},{"column":10,"file":"internal/modules/cjs/loader.js","function":"Module._extensions..js","line":1220,"method":".js","native":false},{"column":12,"file":"C:\\Users\\programmer\\AppData\\Roaming\\npm\\node_modules\\ts-node\\src\\index.ts","function":"Object.require.extensions.<computed> [as .ts]","line":1046,"method":"ts]","native":false},{"column":32,"file":"internal/modules/cjs/loader.js","function":"Module.load","line":1049,"method":"load","native":false},{"column":14,"file":"internal/modules/cjs/loader.js","function":"Module._load","line":937,"method":"_load","native":false},{"column":19,"file":"internal/modules/cjs/loader.js","function":"Module.require","line":1089,"method":"require","native":false},{"column":18,"file":"internal/modules/cjs/helpers.js","function":"require","line":73,"method":null,"native":false},{"column":1,"file":"F:\\Projects\\Nodejs\\Travel Budy\\src\\database\\respository\\Permission\\PermissionRrepository.ts","function":null,"line":1,"method":null,"native":false},{"column":30,"file":"internal/modules/cjs/loader.js","function":"Module._compile","line":1200,"method":"_compile","native":false},{"column":23,"file":"C:\\Users\\programmer\\AppData\\Roaming\\npm\\node_modules\\ts-node\\src\\index.ts","function":"Module.m._compile","line":1043,"method":"_compile","native":false},{"column":10,"file":"internal/modules/cjs/loader.js","function":"Module._extensions..js","line":1220,"method":".js","native":false},{"column":12,"file":"C:\\Users\\programmer\\AppData\\Roaming\\npm\\node_modules\\ts-node\\src\\index.ts","function":"Object.require.extensions.<computed> [as .ts]","line":1046,"method":"ts]","native":false}]}
{"error":{},"level":"error","message":"uncaughtException: First param to `schema.plugin()` must be a function, got \"object\"\nError: First param to `schema.plugin()` must be a function, got \"object\"\n    at Schema.plugin (F:\\Projects\\Nodejs\\Travel Budy\\node_modules\\mongoose\\lib\\schema.js:1503:11)\n    at Object.<anonymous> (F:\\Projects\\Nodejs\\Travel Budy\\src\\database\\model\\Permission.ts:21:18)\n    at Module._compile (internal/modules/cjs/loader.js:1200:30)\n    at Module.m._compile (C:\\Users\\programmer\\AppData\\Roaming\\npm\\node_modules\\ts-node\\src\\index.ts:1043:23)\n    at Module._extensions..js (internal/modules/cjs/loader.js:1220:10)\n    at Object.require.extensions.<computed> [as .ts] (C:\\Users\\programmer\\AppData\\Roaming\\npm\\node_modules\\ts-node\\src\\index.ts:1046:12)\n    at Module.load (internal/modules/cjs/loader.js:1049:32)\n    at Function.Module._load (internal/modules/cjs/loader.js:937:14)\n    at Module.require (internal/modules/cjs/loader.js:1089:19)\n    at require (internal/modules/cjs/helpers.js:73:18)\n    at Object.<anonymous> (F:\\Projects\\Nodejs\\Travel Budy\\src\\database\\respository\\Permission\\PermissionRrepository.ts:1:1)\n    at Module._compile (internal/modules/cjs/loader.js:1200:30)\n    at Module.m._compile (C:\\Users\\programmer\\AppData\\Roaming\\npm\\node_modules\\ts-node\\src\\index.ts:1043:23)\n    at Module._extensions..js (internal/modules/cjs/loader.js:1220:10)\n    at Object.require.extensions.<computed> [as .ts] (C:\\Users\\programmer\\AppData\\Roaming\\npm\\node_modules\\ts-node\\src\\index.ts:1046:12)\n    at Module.load (internal/modules/cjs/loader.js:1049:32)","stack":"Error: First param to `schema.plugin()` must be a function, got \"object\"\n    at Schema.plugin (F:\\Projects\\Nodejs\\Travel Budy\\node_modules\\mongoose\\lib\\schema.js:1503:11)\n    at Object.<anonymous> (F:\\Projects\\Nodejs\\Travel Budy\\src\\database\\model\\Permission.ts:21:18)\n    at Module._compile (internal/modules/cjs/loader.js:1200:30)\n    at Module.m._compile (C:\\Users\\programmer\\AppData\\Roaming\\npm\\node_modules\\ts-node\\src\\index.ts:1043:23)\n    at Module._extensions..js (internal/modules/cjs/loader.js:1220:10)\n    at Object.require.extensions.<computed> [as .ts] (C:\\Users\\programmer\\AppData\\Roaming\\npm\\node_modules\\ts-node\\src\\index.ts:1046:12)\n    at Module.load (internal/modules/cjs/loader.js:1049:32)\n    at Function.Module._load (internal/modules/cjs/loader.js:937:14)\n    at Module.require (internal/modules/cjs/loader.js:1089:19)\n    at require (internal/modules/cjs/helpers.js:73:18)\n    at Object.<anonymous> (F:\\Projects\\Nodejs\\Travel Budy\\src\\database\\respository\\Permission\\PermissionRrepository.ts:1:1)\n    at Module._compile (internal/modules/cjs/loader.js:1200:30)\n    at Module.m._compile (C:\\Users\\programmer\\AppData\\Roaming\\npm\\node_modules\\ts-node\\src\\index.ts:1043:23)\n    at Module._extensions..js (internal/modules/cjs/loader.js:1220:10)\n    at Object.require.extensions.<computed> [as .ts] (C:\\Users\\programmer\\AppData\\Roaming\\npm\\node_modules\\ts-node\\src\\index.ts:1046:12)\n    at Module.load (internal/modules/cjs/loader.js:1049:32)","exception":true,"date":"Fri Oct 02 2020 19:07:34 GMT+0330 (Iran Standard Time)","process":{"pid":5092,"uid":null,"gid":null,"cwd":"F:\\Projects\\Nodejs\\Travel Budy","execPath":"F:\\Program Files\\nodejs\\node.exe","version":"v14.4.0","argv":["C:\\Users\\programmer\\AppData\\Roaming\\npm\\node_modules\\ts-node\\dist\\bin.js","F:\\Projects\\Nodejs\\Travel Budy\\src\\app.ts"],"memoryUsage":{"rss":181501952,"heapTotal":150183936,"heapUsed":128000816,"external":20642183,"arrayBuffers":18647090}},"os":{"loadavg":[0,0,0],"uptime":2359},"trace":[{"column":11,"file":"F:\\Projects\\Nodejs\\Travel Budy\\node_modules\\mongoose\\lib\\schema.js","function":"Schema.plugin","line":1503,"method":"plugin","native":false},{"column":18,"file":"F:\\Projects\\Nodejs\\Travel Budy\\src\\database\\model\\Permission.ts","function":null,"line":21,"method":null,"native":false},{"column":30,"file":"internal/modules/cjs/loader.js","function":"Module._compile","line":1200,"method":"_compile","native":false},{"column":23,"file":"C:\\Users\\programmer\\AppData\\Roaming\\npm\\node_modules\\ts-node\\src\\index.ts","function":"Module.m._compile","line":1043,"method":"_compile","native":false},{"column":10,"file":"internal/modules/cjs/loader.js","function":"Module._extensions..js","line":1220,"method":".js","native":false},{"column":12,"file":"C:\\Users\\programmer\\AppData\\Roaming\\npm\\node_modules\\ts-node\\src\\index.ts","function":"Object.require.extensions.<computed> [as .ts]","line":1046,"method":"ts]","native":false},{"column":32,"file":"internal/modules/cjs/loader.js","function":"Module.load","line":1049,"method":"load","native":false},{"column":14,"file":"internal/modules/cjs/loader.js","function":"Module._load","line":937,"method":"_load","native":false},{"column":19,"file":"internal/modules/cjs/loader.js","function":"Module.require","line":1089,"method":"require","native":false},{"column":18,"file":"internal/modules/cjs/helpers.js","function":"require","line":73,"method":null,"native":false},{"column":1,"file":"F:\\Projects\\Nodejs\\Travel Budy\\src\\database\\respository\\Permission\\PermissionRrepository.ts","function":null,"line":1,"method":null,"native":false},{"column":30,"file":"internal/modules/cjs/loader.js","function":"Module._compile","line":1200,"method":"_compile","native":false},{"column":23,"file":"C:\\Users\\programmer\\AppData\\Roaming\\npm\\node_modules\\ts-node\\src\\index.ts","function":"Module.m._compile","line":1043,"method":"_compile","native":false},{"column":10,"file":"internal/modules/cjs/loader.js","function":"Module._extensions..js","line":1220,"method":".js","native":false},{"column":12,"file":"C:\\Users\\programmer\\AppData\\Roaming\\npm\\node_modules\\ts-node\\src\\index.ts","function":"Object.require.extensions.<computed> [as .ts]","line":1046,"method":"ts]","native":false},{"column":32,"file":"internal/modules/cjs/loader.js","function":"Module.load","line":1049,"method":"load","native":false}]}
