{"error":{},"level":"error","message":"uncaughtException: Cannot read property 'comparePassword' of null\nTypeError: Cannot read property 'comparePassword' of null\n    at F:\\Projects\\Nodejs\\Travel Budy\\src\\database\\respository\\User\\UserRepository.ts:178:26\n    at F:\\Projects\\Nodejs\\Travel Budy\\node_modules\\mongoose\\lib\\model.js:4843:16\n    at F:\\Projects\\Nodejs\\Travel Budy\\node_modules\\mongoose\\lib\\model.js:4843:16\n    at F:\\Projects\\Nodejs\\Travel Budy\\node_modules\\mongoose\\lib\\helpers\\promiseOrCallback.js:24:16\n    at F:\\Projects\\Nodejs\\Travel Budy\\node_modules\\mongoose\\lib\\model.js:4866:21\n    at F:\\Projects\\Nodejs\\Travel Budy\\node_modules\\mongoose\\lib\\query.js:4410:11\n    at F:\\Projects\\Nodejs\\Travel Budy\\node_modules\\kareem\\index.js:135:16\n    at processTicksAndRejections (internal/process/task_queues.js:79:11)\n    at runNextTicks (internal/process/task_queues.js:66:3)\n    at processImmediate (internal/timers.js:429:9)\n    at process.topLevelDomainCallback (domain.js:137:15)","stack":"TypeError: Cannot read property 'comparePassword' of null\n    at F:\\Projects\\Nodejs\\Travel Budy\\src\\database\\respository\\User\\UserRepository.ts:178:26\n    at F:\\Projects\\Nodejs\\Travel Budy\\node_modules\\mongoose\\lib\\model.js:4843:16\n    at F:\\Projects\\Nodejs\\Travel Budy\\node_modules\\mongoose\\lib\\model.js:4843:16\n    at F:\\Projects\\Nodejs\\Travel Budy\\node_modules\\mongoose\\lib\\helpers\\promiseOrCallback.js:24:16\n    at F:\\Projects\\Nodejs\\Travel Budy\\node_modules\\mongoose\\lib\\model.js:4866:21\n    at F:\\Projects\\Nodejs\\Travel Budy\\node_modules\\mongoose\\lib\\query.js:4410:11\n    at F:\\Projects\\Nodejs\\Travel Budy\\node_modules\\kareem\\index.js:135:16\n    at processTicksAndRejections (internal/process/task_queues.js:79:11)\n    at runNextTicks (internal/process/task_queues.js:66:3)\n    at processImmediate (internal/timers.js:429:9)\n    at process.topLevelDomainCallback (domain.js:137:15)","exception":true,"date":"Sat Oct 10 2020 10:56:01 GMT+0330 (Iran Standard Time)","process":{"pid":15652,"uid":null,"gid":null,"cwd":"F:\\Projects\\Nodejs\\Travel Budy","execPath":"F:\\Program Files\\nodejs\\node.exe","version":"v14.4.0","argv":["C:\\Users\\programmer\\AppData\\Roaming\\npm\\node_modules\\ts-node\\dist\\bin.js","F:\\Projects\\Nodejs\\Travel Budy\\src\\app.ts"],"memoryUsage":{"rss":203866112,"heapTotal":167817216,"heapUsed":117840608,"external":20870735,"arrayBuffers":18775507}},"os":{"loadavg":[0,0,0],"uptime":492276},"trace":[{"column":26,"file":"F:\\Projects\\Nodejs\\Travel Budy\\src\\database\\respository\\User\\UserRepository.ts","function":null,"line":178,"method":null,"native":false},{"column":16,"file":"F:\\Projects\\Nodejs\\Travel Budy\\node_modules\\mongoose\\lib\\model.js","function":null,"line":4843,"method":null,"native":false},{"column":16,"file":"F:\\Projects\\Nodejs\\Travel Budy\\node_modules\\mongoose\\lib\\model.js","function":null,"line":4843,"method":null,"native":false},{"column":16,"file":"F:\\Projects\\Nodejs\\Travel Budy\\node_modules\\mongoose\\lib\\helpers\\promiseOrCallback.js","function":null,"line":24,"method":null,"native":false},{"column":21,"file":"F:\\Projects\\Nodejs\\Travel Budy\\node_modules\\mongoose\\lib\\model.js","function":null,"line":4866,"method":null,"native":false},{"column":11,"file":"F:\\Projects\\Nodejs\\Travel Budy\\node_modules\\mongoose\\lib\\query.js","function":null,"line":4410,"method":null,"native":false},{"column":16,"file":"F:\\Projects\\Nodejs\\Travel Budy\\node_modules\\kareem\\index.js","function":null,"line":135,"method":null,"native":false},{"column":11,"file":"internal/process/task_queues.js","function":"processTicksAndRejections","line":79,"method":null,"native":false},{"column":3,"file":"internal/process/task_queues.js","function":"runNextTicks","line":66,"method":null,"native":false},{"column":9,"file":"internal/timers.js","function":"processImmediate","line":429,"method":null,"native":false},{"column":15,"file":"domain.js","function":"process.topLevelDomainCallback","line":137,"method":"topLevelDomainCallback","native":false}]}
{"error":{"diagnosticText":"\u001b[96msrc/database/respository/User/UserRepository.ts\u001b[0m:\u001b[93m235\u001b[0m:\u001b[93m66\u001b[0m - \u001b[91merror\u001b[0m\u001b[90m TS2345: \u001b[0mArgument of type 'string[]' is not assignable to parameter of type 'string'.\r\n\r\n\u001b[7m235\u001b[0m                                     reponseModel.permission.push(data)\r\n\u001b[7m   \u001b[0m \u001b[91m                                                                 ~~~~\u001b[0m\r\n","diagnosticCodes":[2345]},"level":"error","message":"uncaughtException: ⨯ Unable to compile TypeScript:\n\u001b[96msrc/database/respository/User/UserRepository.ts\u001b[0m:\u001b[93m235\u001b[0m:\u001b[93m66\u001b[0m - \u001b[91merror\u001b[0m\u001b[90m TS2345: \u001b[0mArgument of type 'string[]' is not assignable to parameter of type 'string'.\r\n\r\n\u001b[7m235\u001b[0m                                     reponseModel.permission.push(data)\r\n\u001b[7m   \u001b[0m \u001b[91m                                                                 ~~~~\u001b[0m\r\n\nTSError: ⨯ Unable to compile TypeScript:\n\u001b[96msrc/database/respository/User/UserRepository.ts\u001b[0m:\u001b[93m235\u001b[0m:\u001b[93m66\u001b[0m - \u001b[91merror\u001b[0m\u001b[90m TS2345: \u001b[0mArgument of type 'string[]' is not assignable to parameter of type 'string'.\r\n\r\n\u001b[7m235\u001b[0m                                     reponseModel.permission.push(data)\r\n\u001b[7m   \u001b[0m \u001b[91m                                                                 ~~~~\u001b[0m\r\n\n    at createTSError (C:\\Users\\programmer\\AppData\\Roaming\\npm\\node_modules\\ts-node\\src\\index.ts:500:12)\n    at reportTSError (C:\\Users\\programmer\\AppData\\Roaming\\npm\\node_modules\\ts-node\\src\\index.ts:504:19)\n    at getOutput (C:\\Users\\programmer\\AppData\\Roaming\\npm\\node_modules\\ts-node\\src\\index.ts:739:36)\n    at Object.compile (C:\\Users\\programmer\\AppData\\Roaming\\npm\\node_modules\\ts-node\\src\\index.ts:955:32)\n    at Module.m._compile (C:\\Users\\programmer\\AppData\\Roaming\\npm\\node_modules\\ts-node\\src\\index.ts:1043:43)\n    at Module._extensions..js (internal/modules/cjs/loader.js:1220:10)\n    at Object.require.extensions.<computed> [as .ts] (C:\\Users\\programmer\\AppData\\Roaming\\npm\\node_modules\\ts-node\\src\\index.ts:1046:12)\n    at Module.load (internal/modules/cjs/loader.js:1049:32)\n    at Function.Module._load (internal/modules/cjs/loader.js:937:14)\n    at Module.require (internal/modules/cjs/loader.js:1089:19)\n    at require (internal/modules/cjs/helpers.js:73:18)\n    at Object.<anonymous> (F:\\Projects\\Nodejs\\Travel Budy\\src\\http\\controller\\UserController.ts:2:1)\n    at Module._compile (internal/modules/cjs/loader.js:1200:30)\n    at Module.m._compile (C:\\Users\\programmer\\AppData\\Roaming\\npm\\node_modules\\ts-node\\src\\index.ts:1043:23)\n    at Module._extensions..js (internal/modules/cjs/loader.js:1220:10)\n    at Object.require.extensions.<computed> [as .ts] (C:\\Users\\programmer\\AppData\\Roaming\\npm\\node_modules\\ts-node\\src\\index.ts:1046:12)","stack":"TSError: ⨯ Unable to compile TypeScript:\n\u001b[96msrc/database/respository/User/UserRepository.ts\u001b[0m:\u001b[93m235\u001b[0m:\u001b[93m66\u001b[0m - \u001b[91merror\u001b[0m\u001b[90m TS2345: \u001b[0mArgument of type 'string[]' is not assignable to parameter of type 'string'.\r\n\r\n\u001b[7m235\u001b[0m                                     reponseModel.permission.push(data)\r\n\u001b[7m   \u001b[0m \u001b[91m                                                                 ~~~~\u001b[0m\r\n\n    at createTSError (C:\\Users\\programmer\\AppData\\Roaming\\npm\\node_modules\\ts-node\\src\\index.ts:500:12)\n    at reportTSError (C:\\Users\\programmer\\AppData\\Roaming\\npm\\node_modules\\ts-node\\src\\index.ts:504:19)\n    at getOutput (C:\\Users\\programmer\\AppData\\Roaming\\npm\\node_modules\\ts-node\\src\\index.ts:739:36)\n    at Object.compile (C:\\Users\\programmer\\AppData\\Roaming\\npm\\node_modules\\ts-node\\src\\index.ts:955:32)\n    at Module.m._compile (C:\\Users\\programmer\\AppData\\Roaming\\npm\\node_modules\\ts-node\\src\\index.ts:1043:43)\n    at Module._extensions..js (internal/modules/cjs/loader.js:1220:10)\n    at Object.require.extensions.<computed> [as .ts] (C:\\Users\\programmer\\AppData\\Roaming\\npm\\node_modules\\ts-node\\src\\index.ts:1046:12)\n    at Module.load (internal/modules/cjs/loader.js:1049:32)\n    at Function.Module._load (internal/modules/cjs/loader.js:937:14)\n    at Module.require (internal/modules/cjs/loader.js:1089:19)\n    at require (internal/modules/cjs/helpers.js:73:18)\n    at Object.<anonymous> (F:\\Projects\\Nodejs\\Travel Budy\\src\\http\\controller\\UserController.ts:2:1)\n    at Module._compile (internal/modules/cjs/loader.js:1200:30)\n    at Module.m._compile (C:\\Users\\programmer\\AppData\\Roaming\\npm\\node_modules\\ts-node\\src\\index.ts:1043:23)\n    at Module._extensions..js (internal/modules/cjs/loader.js:1220:10)\n    at Object.require.extensions.<computed> [as .ts] (C:\\Users\\programmer\\AppData\\Roaming\\npm\\node_modules\\ts-node\\src\\index.ts:1046:12)","exception":true,"date":"Sat Oct 10 2020 12:36:30 GMT+0330 (Iran Standard Time)","process":{"pid":14792,"uid":null,"gid":null,"cwd":"F:\\Projects\\Nodejs\\Travel Budy","execPath":"F:\\Program Files\\nodejs\\node.exe","version":"v14.4.0","argv":["C:\\Users\\programmer\\AppData\\Roaming\\npm\\node_modules\\ts-node\\dist\\bin.js","F:\\Projects\\Nodejs\\Travel Budy\\src\\app.ts"],"memoryUsage":{"rss":206360576,"heapTotal":166703104,"heapUsed":137354088,"external":20534172,"arrayBuffers":18455743}},"os":{"loadavg":[0,0,0],"uptime":498305},"trace":[{"column":12,"file":"C:\\Users\\programmer\\AppData\\Roaming\\npm\\node_modules\\ts-node\\src\\index.ts","function":"createTSError","line":500,"method":null,"native":false},{"column":19,"file":"C:\\Users\\programmer\\AppData\\Roaming\\npm\\node_modules\\ts-node\\src\\index.ts","function":"reportTSError","line":504,"method":null,"native":false},{"column":36,"file":"C:\\Users\\programmer\\AppData\\Roaming\\npm\\node_modules\\ts-node\\src\\index.ts","function":"getOutput","line":739,"method":null,"native":false},{"column":32,"file":"C:\\Users\\programmer\\AppData\\Roaming\\npm\\node_modules\\ts-node\\src\\index.ts","function":"Object.compile","line":955,"method":"compile","native":false},{"column":43,"file":"C:\\Users\\programmer\\AppData\\Roaming\\npm\\node_modules\\ts-node\\src\\index.ts","function":"Module.m._compile","line":1043,"method":"_compile","native":false},{"column":10,"file":"internal/modules/cjs/loader.js","function":"Module._extensions..js","line":1220,"method":".js","native":false},{"column":12,"file":"C:\\Users\\programmer\\AppData\\Roaming\\npm\\node_modules\\ts-node\\src\\index.ts","function":"Object.require.extensions.<computed> [as .ts]","line":1046,"method":"ts]","native":false},{"column":32,"file":"internal/modules/cjs/loader.js","function":"Module.load","line":1049,"method":"load","native":false},{"column":14,"file":"internal/modules/cjs/loader.js","function":"Module._load","line":937,"method":"_load","native":false},{"column":19,"file":"internal/modules/cjs/loader.js","function":"Module.require","line":1089,"method":"require","native":false},{"column":18,"file":"internal/modules/cjs/helpers.js","function":"require","line":73,"method":null,"native":false},{"column":1,"file":"F:\\Projects\\Nodejs\\Travel Budy\\src\\http\\controller\\UserController.ts","function":null,"line":2,"method":null,"native":false},{"column":30,"file":"internal/modules/cjs/loader.js","function":"Module._compile","line":1200,"method":"_compile","native":false},{"column":23,"file":"C:\\Users\\programmer\\AppData\\Roaming\\npm\\node_modules\\ts-node\\src\\index.ts","function":"Module.m._compile","line":1043,"method":"_compile","native":false},{"column":10,"file":"internal/modules/cjs/loader.js","function":"Module._extensions..js","line":1220,"method":".js","native":false},{"column":12,"file":"C:\\Users\\programmer\\AppData\\Roaming\\npm\\node_modules\\ts-node\\src\\index.ts","function":"Object.require.extensions.<computed> [as .ts]","line":1046,"method":"ts]","native":false}]}
{"error":{"diagnosticText":"\u001b[96msrc/database/respository/RolePermission/RolePermissionRepository.ts\u001b[0m:\u001b[93m77\u001b[0m:\u001b[93m79\u001b[0m - \u001b[91merror\u001b[0m\u001b[90m TS2339: \u001b[0mProperty '_id' does not exist on type 'string'.\r\n\r\n\u001b[7m77\u001b[0m                 let permission =await RolePermissionModel.find({ roleId: role._id })\r\n\u001b[7m  \u001b[0m \u001b[91m                                                                              ~~~\u001b[0m\r\n","diagnosticCodes":[2339]},"level":"error","message":"uncaughtException: ⨯ Unable to compile TypeScript:\n\u001b[96msrc/database/respository/RolePermission/RolePermissionRepository.ts\u001b[0m:\u001b[93m77\u001b[0m:\u001b[93m79\u001b[0m - \u001b[91merror\u001b[0m\u001b[90m TS2339: \u001b[0mProperty '_id' does not exist on type 'string'.\r\n\r\n\u001b[7m77\u001b[0m                 let permission =await RolePermissionModel.find({ roleId: role._id })\r\n\u001b[7m  \u001b[0m \u001b[91m                                                                              ~~~\u001b[0m\r\n\nTSError: ⨯ Unable to compile TypeScript:\n\u001b[96msrc/database/respository/RolePermission/RolePermissionRepository.ts\u001b[0m:\u001b[93m77\u001b[0m:\u001b[93m79\u001b[0m - \u001b[91merror\u001b[0m\u001b[90m TS2339: \u001b[0mProperty '_id' does not exist on type 'string'.\r\n\r\n\u001b[7m77\u001b[0m                 let permission =await RolePermissionModel.find({ roleId: role._id })\r\n\u001b[7m  \u001b[0m \u001b[91m                                                                              ~~~\u001b[0m\r\n\n    at createTSError (C:\\Users\\programmer\\AppData\\Roaming\\npm\\node_modules\\ts-node\\src\\index.ts:500:12)\n    at reportTSError (C:\\Users\\programmer\\AppData\\Roaming\\npm\\node_modules\\ts-node\\src\\index.ts:504:19)\n    at getOutput (C:\\Users\\programmer\\AppData\\Roaming\\npm\\node_modules\\ts-node\\src\\index.ts:739:36)\n    at Object.compile (C:\\Users\\programmer\\AppData\\Roaming\\npm\\node_modules\\ts-node\\src\\index.ts:955:32)\n    at Module.m._compile (C:\\Users\\programmer\\AppData\\Roaming\\npm\\node_modules\\ts-node\\src\\index.ts:1043:43)\n    at Module._extensions..js (internal/modules/cjs/loader.js:1220:10)\n    at Object.require.extensions.<computed> [as .ts] (C:\\Users\\programmer\\AppData\\Roaming\\npm\\node_modules\\ts-node\\src\\index.ts:1046:12)\n    at Module.load (internal/modules/cjs/loader.js:1049:32)\n    at Function.Module._load (internal/modules/cjs/loader.js:937:14)\n    at Module.require (internal/modules/cjs/loader.js:1089:19)\n    at require (internal/modules/cjs/helpers.js:73:18)\n    at Object.<anonymous> (F:\\Projects\\Nodejs\\Travel Budy\\src\\database\\respository\\Role\\Role.ts:2:1)\n    at Module._compile (internal/modules/cjs/loader.js:1200:30)\n    at Module.m._compile (C:\\Users\\programmer\\AppData\\Roaming\\npm\\node_modules\\ts-node\\src\\index.ts:1043:23)\n    at Module._extensions..js (internal/modules/cjs/loader.js:1220:10)\n    at Object.require.extensions.<computed> [as .ts] (C:\\Users\\programmer\\AppData\\Roaming\\npm\\node_modules\\ts-node\\src\\index.ts:1046:12)","stack":"TSError: ⨯ Unable to compile TypeScript:\n\u001b[96msrc/database/respository/RolePermission/RolePermissionRepository.ts\u001b[0m:\u001b[93m77\u001b[0m:\u001b[93m79\u001b[0m - \u001b[91merror\u001b[0m\u001b[90m TS2339: \u001b[0mProperty '_id' does not exist on type 'string'.\r\n\r\n\u001b[7m77\u001b[0m                 let permission =await RolePermissionModel.find({ roleId: role._id })\r\n\u001b[7m  \u001b[0m \u001b[91m                                                                              ~~~\u001b[0m\r\n\n    at createTSError (C:\\Users\\programmer\\AppData\\Roaming\\npm\\node_modules\\ts-node\\src\\index.ts:500:12)\n    at reportTSError (C:\\Users\\programmer\\AppData\\Roaming\\npm\\node_modules\\ts-node\\src\\index.ts:504:19)\n    at getOutput (C:\\Users\\programmer\\AppData\\Roaming\\npm\\node_modules\\ts-node\\src\\index.ts:739:36)\n    at Object.compile (C:\\Users\\programmer\\AppData\\Roaming\\npm\\node_modules\\ts-node\\src\\index.ts:955:32)\n    at Module.m._compile (C:\\Users\\programmer\\AppData\\Roaming\\npm\\node_modules\\ts-node\\src\\index.ts:1043:43)\n    at Module._extensions..js (internal/modules/cjs/loader.js:1220:10)\n    at Object.require.extensions.<computed> [as .ts] (C:\\Users\\programmer\\AppData\\Roaming\\npm\\node_modules\\ts-node\\src\\index.ts:1046:12)\n    at Module.load (internal/modules/cjs/loader.js:1049:32)\n    at Function.Module._load (internal/modules/cjs/loader.js:937:14)\n    at Module.require (internal/modules/cjs/loader.js:1089:19)\n    at require (internal/modules/cjs/helpers.js:73:18)\n    at Object.<anonymous> (F:\\Projects\\Nodejs\\Travel Budy\\src\\database\\respository\\Role\\Role.ts:2:1)\n    at Module._compile (internal/modules/cjs/loader.js:1200:30)\n    at Module.m._compile (C:\\Users\\programmer\\AppData\\Roaming\\npm\\node_modules\\ts-node\\src\\index.ts:1043:23)\n    at Module._extensions..js (internal/modules/cjs/loader.js:1220:10)\n    at Object.require.extensions.<computed> [as .ts] (C:\\Users\\programmer\\AppData\\Roaming\\npm\\node_modules\\ts-node\\src\\index.ts:1046:12)","exception":true,"date":"Sat Oct 10 2020 12:44:14 GMT+0330 (Iran Standard Time)","process":{"pid":13844,"uid":null,"gid":null,"cwd":"F:\\Projects\\Nodejs\\Travel Budy","execPath":"F:\\Program Files\\nodejs\\node.exe","version":"v14.4.0","argv":["C:\\Users\\programmer\\AppData\\Roaming\\npm\\node_modules\\ts-node\\dist\\bin.js","F:\\Projects\\Nodejs\\Travel Budy\\src\\app.ts"],"memoryUsage":{"rss":190971904,"heapTotal":156213248,"heapUsed":135884376,"external":20496296,"arrayBuffers":18501203}},"os":{"loadavg":[0,0,0],"uptime":498769},"trace":[{"column":12,"file":"C:\\Users\\programmer\\AppData\\Roaming\\npm\\node_modules\\ts-node\\src\\index.ts","function":"createTSError","line":500,"method":null,"native":false},{"column":19,"file":"C:\\Users\\programmer\\AppData\\Roaming\\npm\\node_modules\\ts-node\\src\\index.ts","function":"reportTSError","line":504,"method":null,"native":false},{"column":36,"file":"C:\\Users\\programmer\\AppData\\Roaming\\npm\\node_modules\\ts-node\\src\\index.ts","function":"getOutput","line":739,"method":null,"native":false},{"column":32,"file":"C:\\Users\\programmer\\AppData\\Roaming\\npm\\node_modules\\ts-node\\src\\index.ts","function":"Object.compile","line":955,"method":"compile","native":false},{"column":43,"file":"C:\\Users\\programmer\\AppData\\Roaming\\npm\\node_modules\\ts-node\\src\\index.ts","function":"Module.m._compile","line":1043,"method":"_compile","native":false},{"column":10,"file":"internal/modules/cjs/loader.js","function":"Module._extensions..js","line":1220,"method":".js","native":false},{"column":12,"file":"C:\\Users\\programmer\\AppData\\Roaming\\npm\\node_modules\\ts-node\\src\\index.ts","function":"Object.require.extensions.<computed> [as .ts]","line":1046,"method":"ts]","native":false},{"column":32,"file":"internal/modules/cjs/loader.js","function":"Module.load","line":1049,"method":"load","native":false},{"column":14,"file":"internal/modules/cjs/loader.js","function":"Module._load","line":937,"method":"_load","native":false},{"column":19,"file":"internal/modules/cjs/loader.js","function":"Module.require","line":1089,"method":"require","native":false},{"column":18,"file":"internal/modules/cjs/helpers.js","function":"require","line":73,"method":null,"native":false},{"column":1,"file":"F:\\Projects\\Nodejs\\Travel Budy\\src\\database\\respository\\Role\\Role.ts","function":null,"line":2,"method":null,"native":false},{"column":30,"file":"internal/modules/cjs/loader.js","function":"Module._compile","line":1200,"method":"_compile","native":false},{"column":23,"file":"C:\\Users\\programmer\\AppData\\Roaming\\npm\\node_modules\\ts-node\\src\\index.ts","function":"Module.m._compile","line":1043,"method":"_compile","native":false},{"column":10,"file":"internal/modules/cjs/loader.js","function":"Module._extensions..js","line":1220,"method":".js","native":false},{"column":12,"file":"C:\\Users\\programmer\\AppData\\Roaming\\npm\\node_modules\\ts-node\\src\\index.ts","function":"Object.require.extensions.<computed> [as .ts]","line":1046,"method":"ts]","native":false}]}
